Linked: (/home/hri/catkin_ws/devel/.private/polly_speech/lib/python2.7/dist-packages/polly_speech/__init__.py, /home/hri/catkin_ws/devel/lib/python2.7/dist-packages/polly_speech/__init__.py)
Linked: (/home/hri/catkin_ws/devel/.private/polly_speech/lib/python2.7/dist-packages/polly_speech/msg/_SpeechActionFeedback.py, /home/hri/catkin_ws/devel/lib/python2.7/dist-packages/polly_speech/msg/_SpeechActionFeedback.py)
Linked: (/home/hri/catkin_ws/devel/.private/polly_speech/lib/python2.7/dist-packages/polly_speech/msg/_SpeechResult.py, /home/hri/catkin_ws/devel/lib/python2.7/dist-packages/polly_speech/msg/_SpeechResult.py)
Linked: (/home/hri/catkin_ws/devel/.private/polly_speech/lib/python2.7/dist-packages/polly_speech/msg/_SpeechGoal.py, /home/hri/catkin_ws/devel/lib/python2.7/dist-packages/polly_speech/msg/_SpeechGoal.py)
Linked: (/home/hri/catkin_ws/devel/.private/polly_speech/lib/python2.7/dist-packages/polly_speech/msg/_SpeechFeedback.py, /home/hri/catkin_ws/devel/lib/python2.7/dist-packages/polly_speech/msg/_SpeechFeedback.py)
Linked: (/home/hri/catkin_ws/devel/.private/polly_speech/lib/python2.7/dist-packages/polly_speech/msg/_SpeechActionGoal.py, /home/hri/catkin_ws/devel/lib/python2.7/dist-packages/polly_speech/msg/_SpeechActionGoal.py)
Linked: (/home/hri/catkin_ws/devel/.private/polly_speech/lib/python2.7/dist-packages/polly_speech/msg/_SpeechActionResult.py, /home/hri/catkin_ws/devel/lib/python2.7/dist-packages/polly_speech/msg/_SpeechActionResult.py)
Linked: (/home/hri/catkin_ws/devel/.private/polly_speech/lib/python2.7/dist-packages/polly_speech/msg/__init__.py, /home/hri/catkin_ws/devel/lib/python2.7/dist-packages/polly_speech/msg/__init__.py)
Linked: (/home/hri/catkin_ws/devel/.private/polly_speech/lib/python2.7/dist-packages/polly_speech/msg/_SpeechAction.py, /home/hri/catkin_ws/devel/lib/python2.7/dist-packages/polly_speech/msg/_SpeechAction.py)
Linked: (/home/hri/catkin_ws/devel/.private/polly_speech/lib/pkgconfig/polly_speech.pc, /home/hri/catkin_ws/devel/lib/pkgconfig/polly_speech.pc)
Linked: (/home/hri/catkin_ws/devel/.private/polly_speech/include/polly_speech/SpeechGoal.h, /home/hri/catkin_ws/devel/include/polly_speech/SpeechGoal.h)
Linked: (/home/hri/catkin_ws/devel/.private/polly_speech/include/polly_speech/SpeechFeedback.h, /home/hri/catkin_ws/devel/include/polly_speech/SpeechFeedback.h)
Linked: (/home/hri/catkin_ws/devel/.private/polly_speech/include/polly_speech/SpeechActionFeedback.h, /home/hri/catkin_ws/devel/include/polly_speech/SpeechActionFeedback.h)
Linked: (/home/hri/catkin_ws/devel/.private/polly_speech/include/polly_speech/SpeechActionResult.h, /home/hri/catkin_ws/devel/include/polly_speech/SpeechActionResult.h)
Linked: (/home/hri/catkin_ws/devel/.private/polly_speech/include/polly_speech/SpeechAction.h, /home/hri/catkin_ws/devel/include/polly_speech/SpeechAction.h)
Linked: (/home/hri/catkin_ws/devel/.private/polly_speech/include/polly_speech/SpeechResult.h, /home/hri/catkin_ws/devel/include/polly_speech/SpeechResult.h)
Linked: (/home/hri/catkin_ws/devel/.private/polly_speech/include/polly_speech/SpeechActionGoal.h, /home/hri/catkin_ws/devel/include/polly_speech/SpeechActionGoal.h)
Linked: (/home/hri/catkin_ws/devel/.private/polly_speech/share/gennodejs/ros/polly_speech/_index.js, /home/hri/catkin_ws/devel/share/gennodejs/ros/polly_speech/_index.js)
Linked: (/home/hri/catkin_ws/devel/.private/polly_speech/share/gennodejs/ros/polly_speech/msg/SpeechActionFeedback.js, /home/hri/catkin_ws/devel/share/gennodejs/ros/polly_speech/msg/SpeechActionFeedback.js)
Linked: (/home/hri/catkin_ws/devel/.private/polly_speech/share/gennodejs/ros/polly_speech/msg/SpeechFeedback.js, /home/hri/catkin_ws/devel/share/gennodejs/ros/polly_speech/msg/SpeechFeedback.js)
Linked: (/home/hri/catkin_ws/devel/.private/polly_speech/share/gennodejs/ros/polly_speech/msg/SpeechResult.js, /home/hri/catkin_ws/devel/share/gennodejs/ros/polly_speech/msg/SpeechResult.js)
Linked: (/home/hri/catkin_ws/devel/.private/polly_speech/share/gennodejs/ros/polly_speech/msg/SpeechActionGoal.js, /home/hri/catkin_ws/devel/share/gennodejs/ros/polly_speech/msg/SpeechActionGoal.js)
Linked: (/home/hri/catkin_ws/devel/.private/polly_speech/share/gennodejs/ros/polly_speech/msg/SpeechAction.js, /home/hri/catkin_ws/devel/share/gennodejs/ros/polly_speech/msg/SpeechAction.js)
Linked: (/home/hri/catkin_ws/devel/.private/polly_speech/share/gennodejs/ros/polly_speech/msg/_index.js, /home/hri/catkin_ws/devel/share/gennodejs/ros/polly_speech/msg/_index.js)
Linked: (/home/hri/catkin_ws/devel/.private/polly_speech/share/gennodejs/ros/polly_speech/msg/SpeechGoal.js, /home/hri/catkin_ws/devel/share/gennodejs/ros/polly_speech/msg/SpeechGoal.js)
Linked: (/home/hri/catkin_ws/devel/.private/polly_speech/share/gennodejs/ros/polly_speech/msg/SpeechActionResult.js, /home/hri/catkin_ws/devel/share/gennodejs/ros/polly_speech/msg/SpeechActionResult.js)
Linked: (/home/hri/catkin_ws/devel/.private/polly_speech/share/roseus/ros/polly_speech/manifest.l, /home/hri/catkin_ws/devel/share/roseus/ros/polly_speech/manifest.l)
Linked: (/home/hri/catkin_ws/devel/.private/polly_speech/share/roseus/ros/polly_speech/msg/SpeechFeedback.l, /home/hri/catkin_ws/devel/share/roseus/ros/polly_speech/msg/SpeechFeedback.l)
Linked: (/home/hri/catkin_ws/devel/.private/polly_speech/share/roseus/ros/polly_speech/msg/SpeechActionResult.l, /home/hri/catkin_ws/devel/share/roseus/ros/polly_speech/msg/SpeechActionResult.l)
Linked: (/home/hri/catkin_ws/devel/.private/polly_speech/share/roseus/ros/polly_speech/msg/SpeechActionFeedback.l, /home/hri/catkin_ws/devel/share/roseus/ros/polly_speech/msg/SpeechActionFeedback.l)
Linked: (/home/hri/catkin_ws/devel/.private/polly_speech/share/roseus/ros/polly_speech/msg/SpeechAction.l, /home/hri/catkin_ws/devel/share/roseus/ros/polly_speech/msg/SpeechAction.l)
Linked: (/home/hri/catkin_ws/devel/.private/polly_speech/share/roseus/ros/polly_speech/msg/SpeechGoal.l, /home/hri/catkin_ws/devel/share/roseus/ros/polly_speech/msg/SpeechGoal.l)
Linked: (/home/hri/catkin_ws/devel/.private/polly_speech/share/roseus/ros/polly_speech/msg/SpeechActionGoal.l, /home/hri/catkin_ws/devel/share/roseus/ros/polly_speech/msg/SpeechActionGoal.l)
Linked: (/home/hri/catkin_ws/devel/.private/polly_speech/share/roseus/ros/polly_speech/msg/SpeechResult.l, /home/hri/catkin_ws/devel/share/roseus/ros/polly_speech/msg/SpeechResult.l)
Linked: (/home/hri/catkin_ws/devel/.private/polly_speech/share/common-lisp/ros/polly_speech/msg/SpeechResult.lisp, /home/hri/catkin_ws/devel/share/common-lisp/ros/polly_speech/msg/SpeechResult.lisp)
Linked: (/home/hri/catkin_ws/devel/.private/polly_speech/share/common-lisp/ros/polly_speech/msg/_package_SpeechResult.lisp, /home/hri/catkin_ws/devel/share/common-lisp/ros/polly_speech/msg/_package_SpeechResult.lisp)
Linked: (/home/hri/catkin_ws/devel/.private/polly_speech/share/common-lisp/ros/polly_speech/msg/SpeechGoal.lisp, /home/hri/catkin_ws/devel/share/common-lisp/ros/polly_speech/msg/SpeechGoal.lisp)
Linked: (/home/hri/catkin_ws/devel/.private/polly_speech/share/common-lisp/ros/polly_speech/msg/SpeechActionFeedback.lisp, /home/hri/catkin_ws/devel/share/common-lisp/ros/polly_speech/msg/SpeechActionFeedback.lisp)
Linked: (/home/hri/catkin_ws/devel/.private/polly_speech/share/common-lisp/ros/polly_speech/msg/SpeechAction.lisp, /home/hri/catkin_ws/devel/share/common-lisp/ros/polly_speech/msg/SpeechAction.lisp)
Linked: (/home/hri/catkin_ws/devel/.private/polly_speech/share/common-lisp/ros/polly_speech/msg/_package_SpeechActionGoal.lisp, /home/hri/catkin_ws/devel/share/common-lisp/ros/polly_speech/msg/_package_SpeechActionGoal.lisp)
Linked: (/home/hri/catkin_ws/devel/.private/polly_speech/share/common-lisp/ros/polly_speech/msg/SpeechActionResult.lisp, /home/hri/catkin_ws/devel/share/common-lisp/ros/polly_speech/msg/SpeechActionResult.lisp)
Linked: (/home/hri/catkin_ws/devel/.private/polly_speech/share/common-lisp/ros/polly_speech/msg/_package.lisp, /home/hri/catkin_ws/devel/share/common-lisp/ros/polly_speech/msg/_package.lisp)
Linked: (/home/hri/catkin_ws/devel/.private/polly_speech/share/common-lisp/ros/polly_speech/msg/_package_SpeechAction.lisp, /home/hri/catkin_ws/devel/share/common-lisp/ros/polly_speech/msg/_package_SpeechAction.lisp)
Linked: (/home/hri/catkin_ws/devel/.private/polly_speech/share/common-lisp/ros/polly_speech/msg/_package_SpeechActionFeedback.lisp, /home/hri/catkin_ws/devel/share/common-lisp/ros/polly_speech/msg/_package_SpeechActionFeedback.lisp)
Linked: (/home/hri/catkin_ws/devel/.private/polly_speech/share/common-lisp/ros/polly_speech/msg/_package_SpeechFeedback.lisp, /home/hri/catkin_ws/devel/share/common-lisp/ros/polly_speech/msg/_package_SpeechFeedback.lisp)
Linked: (/home/hri/catkin_ws/devel/.private/polly_speech/share/common-lisp/ros/polly_speech/msg/polly_speech-msg.asd, /home/hri/catkin_ws/devel/share/common-lisp/ros/polly_speech/msg/polly_speech-msg.asd)
Linked: (/home/hri/catkin_ws/devel/.private/polly_speech/share/common-lisp/ros/polly_speech/msg/SpeechActionGoal.lisp, /home/hri/catkin_ws/devel/share/common-lisp/ros/polly_speech/msg/SpeechActionGoal.lisp)
Linked: (/home/hri/catkin_ws/devel/.private/polly_speech/share/common-lisp/ros/polly_speech/msg/_package_SpeechGoal.lisp, /home/hri/catkin_ws/devel/share/common-lisp/ros/polly_speech/msg/_package_SpeechGoal.lisp)
Linked: (/home/hri/catkin_ws/devel/.private/polly_speech/share/common-lisp/ros/polly_speech/msg/SpeechFeedback.lisp, /home/hri/catkin_ws/devel/share/common-lisp/ros/polly_speech/msg/SpeechFeedback.lisp)
Linked: (/home/hri/catkin_ws/devel/.private/polly_speech/share/common-lisp/ros/polly_speech/msg/_package_SpeechActionResult.lisp, /home/hri/catkin_ws/devel/share/common-lisp/ros/polly_speech/msg/_package_SpeechActionResult.lisp)
Linked: (/home/hri/catkin_ws/devel/.private/polly_speech/share/polly_speech/msg/SpeechActionGoal.msg, /home/hri/catkin_ws/devel/share/polly_speech/msg/SpeechActionGoal.msg)
Linked: (/home/hri/catkin_ws/devel/.private/polly_speech/share/polly_speech/msg/SpeechActionResult.msg, /home/hri/catkin_ws/devel/share/polly_speech/msg/SpeechActionResult.msg)
Linked: (/home/hri/catkin_ws/devel/.private/polly_speech/share/polly_speech/msg/SpeechResult.msg, /home/hri/catkin_ws/devel/share/polly_speech/msg/SpeechResult.msg)
Linked: (/home/hri/catkin_ws/devel/.private/polly_speech/share/polly_speech/msg/SpeechFeedback.msg, /home/hri/catkin_ws/devel/share/polly_speech/msg/SpeechFeedback.msg)
Linked: (/home/hri/catkin_ws/devel/.private/polly_speech/share/polly_speech/msg/SpeechGoal.msg, /home/hri/catkin_ws/devel/share/polly_speech/msg/SpeechGoal.msg)
Linked: (/home/hri/catkin_ws/devel/.private/polly_speech/share/polly_speech/msg/SpeechAction.msg, /home/hri/catkin_ws/devel/share/polly_speech/msg/SpeechAction.msg)
Linked: (/home/hri/catkin_ws/devel/.private/polly_speech/share/polly_speech/msg/SpeechActionFeedback.msg, /home/hri/catkin_ws/devel/share/polly_speech/msg/SpeechActionFeedback.msg)
Linked: (/home/hri/catkin_ws/devel/.private/polly_speech/share/polly_speech/cmake/polly_speech-msg-paths.cmake, /home/hri/catkin_ws/devel/share/polly_speech/cmake/polly_speech-msg-paths.cmake)
Linked: (/home/hri/catkin_ws/devel/.private/polly_speech/share/polly_speech/cmake/polly_speech-msg-extras.cmake, /home/hri/catkin_ws/devel/share/polly_speech/cmake/polly_speech-msg-extras.cmake)
Linked: (/home/hri/catkin_ws/devel/.private/polly_speech/share/polly_speech/cmake/polly_speechConfig-version.cmake, /home/hri/catkin_ws/devel/share/polly_speech/cmake/polly_speechConfig-version.cmake)
Linked: (/home/hri/catkin_ws/devel/.private/polly_speech/share/polly_speech/cmake/polly_speechConfig.cmake, /home/hri/catkin_ws/devel/share/polly_speech/cmake/polly_speechConfig.cmake)
