Determining if the pthread_create exist failed with the following output:
Change Dir: /home/hri/catkin_ws/build/detection/CMakeFiles/CMakeTmp

Run Build Command:"/usr/bin/make" "cmTC_0dda9/fast"
/usr/bin/make -f CMakeFiles/cmTC_0dda9.dir/build.make CMakeFiles/cmTC_0dda9.dir/build
make[1]: Entering directory '/home/hri/catkin_ws/build/detection/CMakeFiles/CMakeTmp'
Building C object CMakeFiles/cmTC_0dda9.dir/CheckSymbolExists.c.o
/usr/bin/cc     -o CMakeFiles/cmTC_0dda9.dir/CheckSymbolExists.c.o   -c /home/hri/catkin_ws/build/detection/CMakeFiles/CMakeTmp/CheckSymbolExists.c
Linking C executable cmTC_0dda9
/usr/bin/cmake -E cmake_link_script CMakeFiles/cmTC_0dda9.dir/link.txt --verbose=1
/usr/bin/cc       CMakeFiles/cmTC_0dda9.dir/CheckSymbolExists.c.o  -o cmTC_0dda9 -rdynamic 
CMakeFiles/cmTC_0dda9.dir/CheckSymbolExists.c.o: In function `main':
CheckSymbolExists.c:(.text+0x16): undefined reference to `pthread_create'
collect2: error: ld returned 1 exit status
CMakeFiles/cmTC_0dda9.dir/build.make:97: recipe for target 'cmTC_0dda9' failed
make[1]: *** [cmTC_0dda9] Error 1
make[1]: Leaving directory '/home/hri/catkin_ws/build/detection/CMakeFiles/CMakeTmp'
Makefile:126: recipe for target 'cmTC_0dda9/fast' failed
make: *** [cmTC_0dda9/fast] Error 2

File /home/hri/catkin_ws/build/detection/CMakeFiles/CMakeTmp/CheckSymbolExists.c:
/* */
#include <pthread.h>

int main(int argc, char** argv)
{
  (void)argv;
#ifndef pthread_create
  return ((int*)(&pthread_create))[argc];
#else
  (void)argc;
  return 0;
#endif
}

Determining if the function pthread_create exists in the pthreads failed with the following output:
Change Dir: /home/hri/catkin_ws/build/detection/CMakeFiles/CMakeTmp

Run Build Command:"/usr/bin/make" "cmTC_171ca/fast"
/usr/bin/make -f CMakeFiles/cmTC_171ca.dir/build.make CMakeFiles/cmTC_171ca.dir/build
make[1]: Entering directory '/home/hri/catkin_ws/build/detection/CMakeFiles/CMakeTmp'
Building C object CMakeFiles/cmTC_171ca.dir/CheckFunctionExists.c.o
/usr/bin/cc    -DCHECK_FUNCTION_EXISTS=pthread_create   -o CMakeFiles/cmTC_171ca.dir/CheckFunctionExists.c.o   -c /usr/share/cmake-3.5/Modules/CheckFunctionExists.c
Linking C executable cmTC_171ca
/usr/bin/cmake -E cmake_link_script CMakeFiles/cmTC_171ca.dir/link.txt --verbose=1
/usr/bin/cc   -DCHECK_FUNCTION_EXISTS=pthread_create    CMakeFiles/cmTC_171ca.dir/CheckFunctionExists.c.o  -o cmTC_171ca -rdynamic -lpthreads 
/usr/bin/ld: cannot find -lpthreads
collect2: error: ld returned 1 exit status
CMakeFiles/cmTC_171ca.dir/build.make:97: recipe for target 'cmTC_171ca' failed
make[1]: *** [cmTC_171ca] Error 1
make[1]: Leaving directory '/home/hri/catkin_ws/build/detection/CMakeFiles/CMakeTmp'
Makefile:126: recipe for target 'cmTC_171ca/fast' failed
make: *** [cmTC_171ca/fast] Error 2


