Determining if the pthread_create exist failed with the following output:
Change Dir: /home/hri/catkin_ws/build/nao_v5_daeseong/CMakeFiles/CMakeTmp

Run Build Command:"/usr/bin/make" "cmTC_4cef0/fast"
/usr/bin/make -f CMakeFiles/cmTC_4cef0.dir/build.make CMakeFiles/cmTC_4cef0.dir/build
make[1]: Entering directory '/home/hri/catkin_ws/build/nao_v5_daeseong/CMakeFiles/CMakeTmp'
Building C object CMakeFiles/cmTC_4cef0.dir/CheckSymbolExists.c.o
/usr/bin/cc     -o CMakeFiles/cmTC_4cef0.dir/CheckSymbolExists.c.o   -c /home/hri/catkin_ws/build/nao_v5_daeseong/CMakeFiles/CMakeTmp/CheckSymbolExists.c
Linking C executable cmTC_4cef0
/usr/bin/cmake -E cmake_link_script CMakeFiles/cmTC_4cef0.dir/link.txt --verbose=1
/usr/bin/cc       CMakeFiles/cmTC_4cef0.dir/CheckSymbolExists.c.o  -o cmTC_4cef0 -rdynamic 
CMakeFiles/cmTC_4cef0.dir/CheckSymbolExists.c.o: In function `main':
CheckSymbolExists.c:(.text+0x16): undefined reference to `pthread_create'
collect2: error: ld returned 1 exit status
CMakeFiles/cmTC_4cef0.dir/build.make:97: recipe for target 'cmTC_4cef0' failed
make[1]: *** [cmTC_4cef0] Error 1
make[1]: Leaving directory '/home/hri/catkin_ws/build/nao_v5_daeseong/CMakeFiles/CMakeTmp'
Makefile:126: recipe for target 'cmTC_4cef0/fast' failed
make: *** [cmTC_4cef0/fast] Error 2

File /home/hri/catkin_ws/build/nao_v5_daeseong/CMakeFiles/CMakeTmp/CheckSymbolExists.c:
/* */
#include <pthread.h>

int main(int argc, char** argv)
{
  (void)argv;
#ifndef pthread_create
  return ((int*)(&pthread_create))[argc];
#else
  (void)argc;
  return 0;
#endif
}

Determining if the function pthread_create exists in the pthreads failed with the following output:
Change Dir: /home/hri/catkin_ws/build/nao_v5_daeseong/CMakeFiles/CMakeTmp

Run Build Command:"/usr/bin/make" "cmTC_d2918/fast"
/usr/bin/make -f CMakeFiles/cmTC_d2918.dir/build.make CMakeFiles/cmTC_d2918.dir/build
make[1]: Entering directory '/home/hri/catkin_ws/build/nao_v5_daeseong/CMakeFiles/CMakeTmp'
Building C object CMakeFiles/cmTC_d2918.dir/CheckFunctionExists.c.o
/usr/bin/cc    -DCHECK_FUNCTION_EXISTS=pthread_create   -o CMakeFiles/cmTC_d2918.dir/CheckFunctionExists.c.o   -c /usr/share/cmake-3.5/Modules/CheckFunctionExists.c
Linking C executable cmTC_d2918
/usr/bin/cmake -E cmake_link_script CMakeFiles/cmTC_d2918.dir/link.txt --verbose=1
/usr/bin/cc   -DCHECK_FUNCTION_EXISTS=pthread_create    CMakeFiles/cmTC_d2918.dir/CheckFunctionExists.c.o  -o cmTC_d2918 -rdynamic -lpthreads 
/usr/bin/ld: cannot find -lpthreads
collect2: error: ld returned 1 exit status
CMakeFiles/cmTC_d2918.dir/build.make:97: recipe for target 'cmTC_d2918' failed
make[1]: *** [cmTC_d2918] Error 1
make[1]: Leaving directory '/home/hri/catkin_ws/build/nao_v5_daeseong/CMakeFiles/CMakeTmp'
Makefile:126: recipe for target 'cmTC_d2918/fast' failed
make: *** [cmTC_d2918/fast] Error 2


