Linked: (/home/hri/catkin_ws/devel/.private/opt_msgs/lib/libroi_msgs.so, /home/hri/catkin_ws/devel/lib/libroi_msgs.so)
Linked: (/home/hri/catkin_ws/devel/.private/opt_msgs/lib/python2.7/dist-packages/opt_msgs/__init__.py, /home/hri/catkin_ws/devel/lib/python2.7/dist-packages/opt_msgs/__init__.py)
Linked: (/home/hri/catkin_ws/devel/.private/opt_msgs/lib/python2.7/dist-packages/opt_msgs/srv/_OPTSensor.py, /home/hri/catkin_ws/devel/lib/python2.7/dist-packages/opt_msgs/srv/_OPTSensor.py)
Linked: (/home/hri/catkin_ws/devel/.private/opt_msgs/lib/python2.7/dist-packages/opt_msgs/srv/_OPTTransform.py, /home/hri/catkin_ws/devel/lib/python2.7/dist-packages/opt_msgs/srv/_OPTTransform.py)
Linked: (/home/hri/catkin_ws/devel/.private/opt_msgs/lib/python2.7/dist-packages/opt_msgs/srv/__init__.py, /home/hri/catkin_ws/devel/lib/python2.7/dist-packages/opt_msgs/srv/__init__.py)
Linked: (/home/hri/catkin_ws/devel/.private/opt_msgs/lib/python2.7/dist-packages/opt_msgs/msg/_HumanEntry.py, /home/hri/catkin_ws/devel/lib/python2.7/dist-packages/opt_msgs/msg/_HumanEntry.py)
Linked: (/home/hri/catkin_ws/devel/.private/opt_msgs/lib/python2.7/dist-packages/opt_msgs/msg/_Track.py, /home/hri/catkin_ws/devel/lib/python2.7/dist-packages/opt_msgs/msg/_Track.py)
Linked: (/home/hri/catkin_ws/devel/.private/opt_msgs/lib/python2.7/dist-packages/opt_msgs/msg/_HumanEntries.py, /home/hri/catkin_ws/devel/lib/python2.7/dist-packages/opt_msgs/msg/_HumanEntries.py)
Linked: (/home/hri/catkin_ws/devel/.private/opt_msgs/lib/python2.7/dist-packages/opt_msgs/msg/_RoiRect.py, /home/hri/catkin_ws/devel/lib/python2.7/dist-packages/opt_msgs/msg/_RoiRect.py)
Linked: (/home/hri/catkin_ws/devel/.private/opt_msgs/lib/python2.7/dist-packages/opt_msgs/msg/_TrackArray.py, /home/hri/catkin_ws/devel/lib/python2.7/dist-packages/opt_msgs/msg/_TrackArray.py)
Linked: (/home/hri/catkin_ws/devel/.private/opt_msgs/lib/python2.7/dist-packages/opt_msgs/msg/_Rois.py, /home/hri/catkin_ws/devel/lib/python2.7/dist-packages/opt_msgs/msg/_Rois.py)
Linked: (/home/hri/catkin_ws/devel/.private/opt_msgs/lib/python2.7/dist-packages/opt_msgs/msg/_Detection.py, /home/hri/catkin_ws/devel/lib/python2.7/dist-packages/opt_msgs/msg/_Detection.py)
Linked: (/home/hri/catkin_ws/devel/.private/opt_msgs/lib/python2.7/dist-packages/opt_msgs/msg/_IDArray.py, /home/hri/catkin_ws/devel/lib/python2.7/dist-packages/opt_msgs/msg/_IDArray.py)
Linked: (/home/hri/catkin_ws/devel/.private/opt_msgs/lib/python2.7/dist-packages/opt_msgs/msg/__init__.py, /home/hri/catkin_ws/devel/lib/python2.7/dist-packages/opt_msgs/msg/__init__.py)
Linked: (/home/hri/catkin_ws/devel/.private/opt_msgs/lib/python2.7/dist-packages/opt_msgs/msg/_CalibrationStatus.py, /home/hri/catkin_ws/devel/lib/python2.7/dist-packages/opt_msgs/msg/_CalibrationStatus.py)
Linked: (/home/hri/catkin_ws/devel/.private/opt_msgs/lib/python2.7/dist-packages/opt_msgs/msg/_BoundingBox2D.py, /home/hri/catkin_ws/devel/lib/python2.7/dist-packages/opt_msgs/msg/_BoundingBox2D.py)
Linked: (/home/hri/catkin_ws/devel/.private/opt_msgs/lib/python2.7/dist-packages/opt_msgs/msg/_BoundingBox3D.py, /home/hri/catkin_ws/devel/lib/python2.7/dist-packages/opt_msgs/msg/_BoundingBox3D.py)
Linked: (/home/hri/catkin_ws/devel/.private/opt_msgs/lib/python2.7/dist-packages/opt_msgs/msg/_DetectionArray.py, /home/hri/catkin_ws/devel/lib/python2.7/dist-packages/opt_msgs/msg/_DetectionArray.py)
Linked: (/home/hri/catkin_ws/devel/.private/opt_msgs/lib/pkgconfig/opt_msgs.pc, /home/hri/catkin_ws/devel/lib/pkgconfig/opt_msgs.pc)
Linked: (/home/hri/catkin_ws/devel/.private/opt_msgs/include/opt_msgs/OPTTransformResponse.h, /home/hri/catkin_ws/devel/include/opt_msgs/OPTTransformResponse.h)
Linked: (/home/hri/catkin_ws/devel/.private/opt_msgs/include/opt_msgs/BoundingBox2D.h, /home/hri/catkin_ws/devel/include/opt_msgs/BoundingBox2D.h)
Linked: (/home/hri/catkin_ws/devel/.private/opt_msgs/include/opt_msgs/Rois.h, /home/hri/catkin_ws/devel/include/opt_msgs/Rois.h)
Linked: (/home/hri/catkin_ws/devel/.private/opt_msgs/include/opt_msgs/TrackArray.h, /home/hri/catkin_ws/devel/include/opt_msgs/TrackArray.h)
Linked: (/home/hri/catkin_ws/devel/.private/opt_msgs/include/opt_msgs/HumanEntry.h, /home/hri/catkin_ws/devel/include/opt_msgs/HumanEntry.h)
Linked: (/home/hri/catkin_ws/devel/.private/opt_msgs/include/opt_msgs/OPTTransform.h, /home/hri/catkin_ws/devel/include/opt_msgs/OPTTransform.h)
Linked: (/home/hri/catkin_ws/devel/.private/opt_msgs/include/opt_msgs/IDArray.h, /home/hri/catkin_ws/devel/include/opt_msgs/IDArray.h)
Linked: (/home/hri/catkin_ws/devel/.private/opt_msgs/include/opt_msgs/OPTSensor.h, /home/hri/catkin_ws/devel/include/opt_msgs/OPTSensor.h)
Linked: (/home/hri/catkin_ws/devel/.private/opt_msgs/include/opt_msgs/Track.h, /home/hri/catkin_ws/devel/include/opt_msgs/Track.h)
Linked: (/home/hri/catkin_ws/devel/.private/opt_msgs/include/opt_msgs/CalibrationStatus.h, /home/hri/catkin_ws/devel/include/opt_msgs/CalibrationStatus.h)
Linked: (/home/hri/catkin_ws/devel/.private/opt_msgs/include/opt_msgs/BoundingBox3D.h, /home/hri/catkin_ws/devel/include/opt_msgs/BoundingBox3D.h)
Linked: (/home/hri/catkin_ws/devel/.private/opt_msgs/include/opt_msgs/DetectionArray.h, /home/hri/catkin_ws/devel/include/opt_msgs/DetectionArray.h)
Linked: (/home/hri/catkin_ws/devel/.private/opt_msgs/include/opt_msgs/HumanEntries.h, /home/hri/catkin_ws/devel/include/opt_msgs/HumanEntries.h)
Linked: (/home/hri/catkin_ws/devel/.private/opt_msgs/include/opt_msgs/OPTSensorRequest.h, /home/hri/catkin_ws/devel/include/opt_msgs/OPTSensorRequest.h)
Linked: (/home/hri/catkin_ws/devel/.private/opt_msgs/include/opt_msgs/OPTTransformRequest.h, /home/hri/catkin_ws/devel/include/opt_msgs/OPTTransformRequest.h)
Linked: (/home/hri/catkin_ws/devel/.private/opt_msgs/include/opt_msgs/RoiRect.h, /home/hri/catkin_ws/devel/include/opt_msgs/RoiRect.h)
Linked: (/home/hri/catkin_ws/devel/.private/opt_msgs/include/opt_msgs/Detection.h, /home/hri/catkin_ws/devel/include/opt_msgs/Detection.h)
Linked: (/home/hri/catkin_ws/devel/.private/opt_msgs/include/opt_msgs/OPTSensorResponse.h, /home/hri/catkin_ws/devel/include/opt_msgs/OPTSensorResponse.h)
Linked: (/home/hri/catkin_ws/devel/.private/opt_msgs/share/gennodejs/ros/opt_msgs/_index.js, /home/hri/catkin_ws/devel/share/gennodejs/ros/opt_msgs/_index.js)
Linked: (/home/hri/catkin_ws/devel/.private/opt_msgs/share/gennodejs/ros/opt_msgs/srv/OPTTransform.js, /home/hri/catkin_ws/devel/share/gennodejs/ros/opt_msgs/srv/OPTTransform.js)
Linked: (/home/hri/catkin_ws/devel/.private/opt_msgs/share/gennodejs/ros/opt_msgs/srv/OPTSensor.js, /home/hri/catkin_ws/devel/share/gennodejs/ros/opt_msgs/srv/OPTSensor.js)
Linked: (/home/hri/catkin_ws/devel/.private/opt_msgs/share/gennodejs/ros/opt_msgs/srv/_index.js, /home/hri/catkin_ws/devel/share/gennodejs/ros/opt_msgs/srv/_index.js)
Linked: (/home/hri/catkin_ws/devel/.private/opt_msgs/share/gennodejs/ros/opt_msgs/msg/Track.js, /home/hri/catkin_ws/devel/share/gennodejs/ros/opt_msgs/msg/Track.js)
Linked: (/home/hri/catkin_ws/devel/.private/opt_msgs/share/gennodejs/ros/opt_msgs/msg/BoundingBox3D.js, /home/hri/catkin_ws/devel/share/gennodejs/ros/opt_msgs/msg/BoundingBox3D.js)
Linked: (/home/hri/catkin_ws/devel/.private/opt_msgs/share/gennodejs/ros/opt_msgs/msg/Rois.js, /home/hri/catkin_ws/devel/share/gennodejs/ros/opt_msgs/msg/Rois.js)
Linked: (/home/hri/catkin_ws/devel/.private/opt_msgs/share/gennodejs/ros/opt_msgs/msg/Detection.js, /home/hri/catkin_ws/devel/share/gennodejs/ros/opt_msgs/msg/Detection.js)
Linked: (/home/hri/catkin_ws/devel/.private/opt_msgs/share/gennodejs/ros/opt_msgs/msg/CalibrationStatus.js, /home/hri/catkin_ws/devel/share/gennodejs/ros/opt_msgs/msg/CalibrationStatus.js)
Linked: (/home/hri/catkin_ws/devel/.private/opt_msgs/share/gennodejs/ros/opt_msgs/msg/DetectionArray.js, /home/hri/catkin_ws/devel/share/gennodejs/ros/opt_msgs/msg/DetectionArray.js)
Linked: (/home/hri/catkin_ws/devel/.private/opt_msgs/share/gennodejs/ros/opt_msgs/msg/HumanEntry.js, /home/hri/catkin_ws/devel/share/gennodejs/ros/opt_msgs/msg/HumanEntry.js)
Linked: (/home/hri/catkin_ws/devel/.private/opt_msgs/share/gennodejs/ros/opt_msgs/msg/HumanEntries.js, /home/hri/catkin_ws/devel/share/gennodejs/ros/opt_msgs/msg/HumanEntries.js)
Linked: (/home/hri/catkin_ws/devel/.private/opt_msgs/share/gennodejs/ros/opt_msgs/msg/TrackArray.js, /home/hri/catkin_ws/devel/share/gennodejs/ros/opt_msgs/msg/TrackArray.js)
Linked: (/home/hri/catkin_ws/devel/.private/opt_msgs/share/gennodejs/ros/opt_msgs/msg/_index.js, /home/hri/catkin_ws/devel/share/gennodejs/ros/opt_msgs/msg/_index.js)
Linked: (/home/hri/catkin_ws/devel/.private/opt_msgs/share/gennodejs/ros/opt_msgs/msg/IDArray.js, /home/hri/catkin_ws/devel/share/gennodejs/ros/opt_msgs/msg/IDArray.js)
Linked: (/home/hri/catkin_ws/devel/.private/opt_msgs/share/gennodejs/ros/opt_msgs/msg/RoiRect.js, /home/hri/catkin_ws/devel/share/gennodejs/ros/opt_msgs/msg/RoiRect.js)
Linked: (/home/hri/catkin_ws/devel/.private/opt_msgs/share/gennodejs/ros/opt_msgs/msg/BoundingBox2D.js, /home/hri/catkin_ws/devel/share/gennodejs/ros/opt_msgs/msg/BoundingBox2D.js)
Linked: (/home/hri/catkin_ws/devel/.private/opt_msgs/share/roseus/ros/opt_msgs/manifest.l, /home/hri/catkin_ws/devel/share/roseus/ros/opt_msgs/manifest.l)
Linked: (/home/hri/catkin_ws/devel/.private/opt_msgs/share/roseus/ros/opt_msgs/srv/OPTSensor.l, /home/hri/catkin_ws/devel/share/roseus/ros/opt_msgs/srv/OPTSensor.l)
Linked: (/home/hri/catkin_ws/devel/.private/opt_msgs/share/roseus/ros/opt_msgs/srv/OPTTransform.l, /home/hri/catkin_ws/devel/share/roseus/ros/opt_msgs/srv/OPTTransform.l)
Linked: (/home/hri/catkin_ws/devel/.private/opt_msgs/share/roseus/ros/opt_msgs/msg/CalibrationStatus.l, /home/hri/catkin_ws/devel/share/roseus/ros/opt_msgs/msg/CalibrationStatus.l)
Linked: (/home/hri/catkin_ws/devel/.private/opt_msgs/share/roseus/ros/opt_msgs/msg/DetectionArray.l, /home/hri/catkin_ws/devel/share/roseus/ros/opt_msgs/msg/DetectionArray.l)
Linked: (/home/hri/catkin_ws/devel/.private/opt_msgs/share/roseus/ros/opt_msgs/msg/TrackArray.l, /home/hri/catkin_ws/devel/share/roseus/ros/opt_msgs/msg/TrackArray.l)
Linked: (/home/hri/catkin_ws/devel/.private/opt_msgs/share/roseus/ros/opt_msgs/msg/BoundingBox2D.l, /home/hri/catkin_ws/devel/share/roseus/ros/opt_msgs/msg/BoundingBox2D.l)
Linked: (/home/hri/catkin_ws/devel/.private/opt_msgs/share/roseus/ros/opt_msgs/msg/IDArray.l, /home/hri/catkin_ws/devel/share/roseus/ros/opt_msgs/msg/IDArray.l)
Linked: (/home/hri/catkin_ws/devel/.private/opt_msgs/share/roseus/ros/opt_msgs/msg/Track.l, /home/hri/catkin_ws/devel/share/roseus/ros/opt_msgs/msg/Track.l)
Linked: (/home/hri/catkin_ws/devel/.private/opt_msgs/share/roseus/ros/opt_msgs/msg/HumanEntries.l, /home/hri/catkin_ws/devel/share/roseus/ros/opt_msgs/msg/HumanEntries.l)
Linked: (/home/hri/catkin_ws/devel/.private/opt_msgs/share/roseus/ros/opt_msgs/msg/BoundingBox3D.l, /home/hri/catkin_ws/devel/share/roseus/ros/opt_msgs/msg/BoundingBox3D.l)
Linked: (/home/hri/catkin_ws/devel/.private/opt_msgs/share/roseus/ros/opt_msgs/msg/RoiRect.l, /home/hri/catkin_ws/devel/share/roseus/ros/opt_msgs/msg/RoiRect.l)
Linked: (/home/hri/catkin_ws/devel/.private/opt_msgs/share/roseus/ros/opt_msgs/msg/HumanEntry.l, /home/hri/catkin_ws/devel/share/roseus/ros/opt_msgs/msg/HumanEntry.l)
Linked: (/home/hri/catkin_ws/devel/.private/opt_msgs/share/roseus/ros/opt_msgs/msg/Rois.l, /home/hri/catkin_ws/devel/share/roseus/ros/opt_msgs/msg/Rois.l)
Linked: (/home/hri/catkin_ws/devel/.private/opt_msgs/share/roseus/ros/opt_msgs/msg/Detection.l, /home/hri/catkin_ws/devel/share/roseus/ros/opt_msgs/msg/Detection.l)
Linked: (/home/hri/catkin_ws/devel/.private/opt_msgs/share/common-lisp/ros/opt_msgs/srv/OPTTransform.lisp, /home/hri/catkin_ws/devel/share/common-lisp/ros/opt_msgs/srv/OPTTransform.lisp)
Linked: (/home/hri/catkin_ws/devel/.private/opt_msgs/share/common-lisp/ros/opt_msgs/srv/_package_OPTTransform.lisp, /home/hri/catkin_ws/devel/share/common-lisp/ros/opt_msgs/srv/_package_OPTTransform.lisp)
Linked: (/home/hri/catkin_ws/devel/.private/opt_msgs/share/common-lisp/ros/opt_msgs/srv/_package.lisp, /home/hri/catkin_ws/devel/share/common-lisp/ros/opt_msgs/srv/_package.lisp)
Linked: (/home/hri/catkin_ws/devel/.private/opt_msgs/share/common-lisp/ros/opt_msgs/srv/opt_msgs-srv.asd, /home/hri/catkin_ws/devel/share/common-lisp/ros/opt_msgs/srv/opt_msgs-srv.asd)
Linked: (/home/hri/catkin_ws/devel/.private/opt_msgs/share/common-lisp/ros/opt_msgs/srv/OPTSensor.lisp, /home/hri/catkin_ws/devel/share/common-lisp/ros/opt_msgs/srv/OPTSensor.lisp)
Linked: (/home/hri/catkin_ws/devel/.private/opt_msgs/share/common-lisp/ros/opt_msgs/srv/_package_OPTSensor.lisp, /home/hri/catkin_ws/devel/share/common-lisp/ros/opt_msgs/srv/_package_OPTSensor.lisp)
Linked: (/home/hri/catkin_ws/devel/.private/opt_msgs/share/common-lisp/ros/opt_msgs/msg/HumanEntries.lisp, /home/hri/catkin_ws/devel/share/common-lisp/ros/opt_msgs/msg/HumanEntries.lisp)
Linked: (/home/hri/catkin_ws/devel/.private/opt_msgs/share/common-lisp/ros/opt_msgs/msg/TrackArray.lisp, /home/hri/catkin_ws/devel/share/common-lisp/ros/opt_msgs/msg/TrackArray.lisp)
Linked: (/home/hri/catkin_ws/devel/.private/opt_msgs/share/common-lisp/ros/opt_msgs/msg/Track.lisp, /home/hri/catkin_ws/devel/share/common-lisp/ros/opt_msgs/msg/Track.lisp)
Linked: (/home/hri/catkin_ws/devel/.private/opt_msgs/share/common-lisp/ros/opt_msgs/msg/opt_msgs-msg.asd, /home/hri/catkin_ws/devel/share/common-lisp/ros/opt_msgs/msg/opt_msgs-msg.asd)
Linked: (/home/hri/catkin_ws/devel/.private/opt_msgs/share/common-lisp/ros/opt_msgs/msg/_package_HumanEntry.lisp, /home/hri/catkin_ws/devel/share/common-lisp/ros/opt_msgs/msg/_package_HumanEntry.lisp)
Linked: (/home/hri/catkin_ws/devel/.private/opt_msgs/share/common-lisp/ros/opt_msgs/msg/HumanEntry.lisp, /home/hri/catkin_ws/devel/share/common-lisp/ros/opt_msgs/msg/HumanEntry.lisp)
Linked: (/home/hri/catkin_ws/devel/.private/opt_msgs/share/common-lisp/ros/opt_msgs/msg/_package_CalibrationStatus.lisp, /home/hri/catkin_ws/devel/share/common-lisp/ros/opt_msgs/msg/_package_CalibrationStatus.lisp)
Linked: (/home/hri/catkin_ws/devel/.private/opt_msgs/share/common-lisp/ros/opt_msgs/msg/RoiRect.lisp, /home/hri/catkin_ws/devel/share/common-lisp/ros/opt_msgs/msg/RoiRect.lisp)
Linked: (/home/hri/catkin_ws/devel/.private/opt_msgs/share/common-lisp/ros/opt_msgs/msg/BoundingBox3D.lisp, /home/hri/catkin_ws/devel/share/common-lisp/ros/opt_msgs/msg/BoundingBox3D.lisp)
Linked: (/home/hri/catkin_ws/devel/.private/opt_msgs/share/common-lisp/ros/opt_msgs/msg/BoundingBox2D.lisp, /home/hri/catkin_ws/devel/share/common-lisp/ros/opt_msgs/msg/BoundingBox2D.lisp)
Linked: (/home/hri/catkin_ws/devel/.private/opt_msgs/share/common-lisp/ros/opt_msgs/msg/DetectionArray.lisp, /home/hri/catkin_ws/devel/share/common-lisp/ros/opt_msgs/msg/DetectionArray.lisp)
Linked: (/home/hri/catkin_ws/devel/.private/opt_msgs/share/common-lisp/ros/opt_msgs/msg/_package.lisp, /home/hri/catkin_ws/devel/share/common-lisp/ros/opt_msgs/msg/_package.lisp)
Linked: (/home/hri/catkin_ws/devel/.private/opt_msgs/share/common-lisp/ros/opt_msgs/msg/Rois.lisp, /home/hri/catkin_ws/devel/share/common-lisp/ros/opt_msgs/msg/Rois.lisp)
Linked: (/home/hri/catkin_ws/devel/.private/opt_msgs/share/common-lisp/ros/opt_msgs/msg/_package_Rois.lisp, /home/hri/catkin_ws/devel/share/common-lisp/ros/opt_msgs/msg/_package_Rois.lisp)
Linked: (/home/hri/catkin_ws/devel/.private/opt_msgs/share/common-lisp/ros/opt_msgs/msg/Detection.lisp, /home/hri/catkin_ws/devel/share/common-lisp/ros/opt_msgs/msg/Detection.lisp)
Linked: (/home/hri/catkin_ws/devel/.private/opt_msgs/share/common-lisp/ros/opt_msgs/msg/_package_IDArray.lisp, /home/hri/catkin_ws/devel/share/common-lisp/ros/opt_msgs/msg/_package_IDArray.lisp)
Linked: (/home/hri/catkin_ws/devel/.private/opt_msgs/share/common-lisp/ros/opt_msgs/msg/_package_DetectionArray.lisp, /home/hri/catkin_ws/devel/share/common-lisp/ros/opt_msgs/msg/_package_DetectionArray.lisp)
Linked: (/home/hri/catkin_ws/devel/.private/opt_msgs/share/common-lisp/ros/opt_msgs/msg/CalibrationStatus.lisp, /home/hri/catkin_ws/devel/share/common-lisp/ros/opt_msgs/msg/CalibrationStatus.lisp)
Linked: (/home/hri/catkin_ws/devel/.private/opt_msgs/share/common-lisp/ros/opt_msgs/msg/_package_BoundingBox3D.lisp, /home/hri/catkin_ws/devel/share/common-lisp/ros/opt_msgs/msg/_package_BoundingBox3D.lisp)
Linked: (/home/hri/catkin_ws/devel/.private/opt_msgs/share/common-lisp/ros/opt_msgs/msg/_package_Track.lisp, /home/hri/catkin_ws/devel/share/common-lisp/ros/opt_msgs/msg/_package_Track.lisp)
Linked: (/home/hri/catkin_ws/devel/.private/opt_msgs/share/common-lisp/ros/opt_msgs/msg/_package_HumanEntries.lisp, /home/hri/catkin_ws/devel/share/common-lisp/ros/opt_msgs/msg/_package_HumanEntries.lisp)
Linked: (/home/hri/catkin_ws/devel/.private/opt_msgs/share/common-lisp/ros/opt_msgs/msg/_package_RoiRect.lisp, /home/hri/catkin_ws/devel/share/common-lisp/ros/opt_msgs/msg/_package_RoiRect.lisp)
Linked: (/home/hri/catkin_ws/devel/.private/opt_msgs/share/common-lisp/ros/opt_msgs/msg/_package_BoundingBox2D.lisp, /home/hri/catkin_ws/devel/share/common-lisp/ros/opt_msgs/msg/_package_BoundingBox2D.lisp)
Linked: (/home/hri/catkin_ws/devel/.private/opt_msgs/share/common-lisp/ros/opt_msgs/msg/_package_Detection.lisp, /home/hri/catkin_ws/devel/share/common-lisp/ros/opt_msgs/msg/_package_Detection.lisp)
Linked: (/home/hri/catkin_ws/devel/.private/opt_msgs/share/common-lisp/ros/opt_msgs/msg/_package_TrackArray.lisp, /home/hri/catkin_ws/devel/share/common-lisp/ros/opt_msgs/msg/_package_TrackArray.lisp)
Linked: (/home/hri/catkin_ws/devel/.private/opt_msgs/share/common-lisp/ros/opt_msgs/msg/IDArray.lisp, /home/hri/catkin_ws/devel/share/common-lisp/ros/opt_msgs/msg/IDArray.lisp)
Linked: (/home/hri/catkin_ws/devel/.private/opt_msgs/share/opt_msgs/cmake/opt_msgsConfig-version.cmake, /home/hri/catkin_ws/devel/share/opt_msgs/cmake/opt_msgsConfig-version.cmake)
Linked: (/home/hri/catkin_ws/devel/.private/opt_msgs/share/opt_msgs/cmake/opt_msgs-msg-paths.cmake, /home/hri/catkin_ws/devel/share/opt_msgs/cmake/opt_msgs-msg-paths.cmake)
Linked: (/home/hri/catkin_ws/devel/.private/opt_msgs/share/opt_msgs/cmake/opt_msgs-msg-extras.cmake, /home/hri/catkin_ws/devel/share/opt_msgs/cmake/opt_msgs-msg-extras.cmake)
Linked: (/home/hri/catkin_ws/devel/.private/opt_msgs/share/opt_msgs/cmake/opt_msgsConfig.cmake, /home/hri/catkin_ws/devel/share/opt_msgs/cmake/opt_msgsConfig.cmake)
