Linked: (/home/hri/catkin_ws/devel/.private/mhri_msgs/lib/python2.7/dist-packages/mhri_msgs/__init__.py, /home/hri/catkin_ws/devel/lib/python2.7/dist-packages/mhri_msgs/__init__.py)
Linked: (/home/hri/catkin_ws/devel/.private/mhri_msgs/lib/python2.7/dist-packages/mhri_msgs/srv/_GetInstalledGestures.py, /home/hri/catkin_ws/devel/lib/python2.7/dist-packages/mhri_msgs/srv/_GetInstalledGestures.py)
Linked: (/home/hri/catkin_ws/devel/.private/mhri_msgs/lib/python2.7/dist-packages/mhri_msgs/srv/_RegisterData.py, /home/hri/catkin_ws/devel/lib/python2.7/dist-packages/mhri_msgs/srv/_RegisterData.py)
Linked: (/home/hri/catkin_ws/devel/.private/mhri_msgs/lib/python2.7/dist-packages/mhri_msgs/srv/_ReloadWithResult.py, /home/hri/catkin_ws/devel/lib/python2.7/dist-packages/mhri_msgs/srv/_ReloadWithResult.py)
Linked: (/home/hri/catkin_ws/devel/.private/mhri_msgs/lib/python2.7/dist-packages/mhri_msgs/srv/_GetDataList.py, /home/hri/catkin_ws/devel/lib/python2.7/dist-packages/mhri_msgs/srv/_GetDataList.py)
Linked: (/home/hri/catkin_ws/devel/.private/mhri_msgs/lib/python2.7/dist-packages/mhri_msgs/srv/__init__.py, /home/hri/catkin_ws/devel/lib/python2.7/dist-packages/mhri_msgs/srv/__init__.py)
Linked: (/home/hri/catkin_ws/devel/.private/mhri_msgs/lib/python2.7/dist-packages/mhri_msgs/srv/_WriteData.py, /home/hri/catkin_ws/devel/lib/python2.7/dist-packages/mhri_msgs/srv/_WriteData.py)
Linked: (/home/hri/catkin_ws/devel/.private/mhri_msgs/lib/python2.7/dist-packages/mhri_msgs/srv/_ReadData.py, /home/hri/catkin_ws/devel/lib/python2.7/dist-packages/mhri_msgs/srv/_ReadData.py)
Linked: (/home/hri/catkin_ws/devel/.private/mhri_msgs/lib/python2.7/dist-packages/mhri_msgs/msg/_RenderItemGoal.py, /home/hri/catkin_ws/devel/lib/python2.7/dist-packages/mhri_msgs/msg/_RenderItemGoal.py)
Linked: (/home/hri/catkin_ws/devel/.private/mhri_msgs/lib/python2.7/dist-packages/mhri_msgs/msg/_WaitEventGoal.py, /home/hri/catkin_ws/devel/lib/python2.7/dist-packages/mhri_msgs/msg/_WaitEventGoal.py)
Linked: (/home/hri/catkin_ws/devel/.private/mhri_msgs/lib/python2.7/dist-packages/mhri_msgs/msg/_ForwardingEvent.py, /home/hri/catkin_ws/devel/lib/python2.7/dist-packages/mhri_msgs/msg/_ForwardingEvent.py)
Linked: (/home/hri/catkin_ws/devel/.private/mhri_msgs/lib/python2.7/dist-packages/mhri_msgs/msg/_RenderItemResult.py, /home/hri/catkin_ws/devel/lib/python2.7/dist-packages/mhri_msgs/msg/_RenderItemResult.py)
Linked: (/home/hri/catkin_ws/devel/.private/mhri_msgs/lib/python2.7/dist-packages/mhri_msgs/msg/_RenderItemActionResult.py, /home/hri/catkin_ws/devel/lib/python2.7/dist-packages/mhri_msgs/msg/_RenderItemActionResult.py)
Linked: (/home/hri/catkin_ws/devel/.private/mhri_msgs/lib/python2.7/dist-packages/mhri_msgs/msg/_RenderItemActionFeedback.py, /home/hri/catkin_ws/devel/lib/python2.7/dist-packages/mhri_msgs/msg/_RenderItemActionFeedback.py)
Linked: (/home/hri/catkin_ws/devel/.private/mhri_msgs/lib/python2.7/dist-packages/mhri_msgs/msg/_WaitEventActionFeedback.py, /home/hri/catkin_ws/devel/lib/python2.7/dist-packages/mhri_msgs/msg/_WaitEventActionFeedback.py)
Linked: (/home/hri/catkin_ws/devel/.private/mhri_msgs/lib/python2.7/dist-packages/mhri_msgs/msg/_RenderSceneFeedback.py, /home/hri/catkin_ws/devel/lib/python2.7/dist-packages/mhri_msgs/msg/_RenderSceneFeedback.py)
Linked: (/home/hri/catkin_ws/devel/.private/mhri_msgs/lib/python2.7/dist-packages/mhri_msgs/msg/_LogItem.py, /home/hri/catkin_ws/devel/lib/python2.7/dist-packages/mhri_msgs/msg/_LogItem.py)
Linked: (/home/hri/catkin_ws/devel/.private/mhri_msgs/lib/python2.7/dist-packages/mhri_msgs/msg/_WaitEventActionGoal.py, /home/hri/catkin_ws/devel/lib/python2.7/dist-packages/mhri_msgs/msg/_WaitEventActionGoal.py)
Linked: (/home/hri/catkin_ws/devel/.private/mhri_msgs/lib/python2.7/dist-packages/mhri_msgs/msg/_RaisingEvents.py, /home/hri/catkin_ws/devel/lib/python2.7/dist-packages/mhri_msgs/msg/_RaisingEvents.py)
Linked: (/home/hri/catkin_ws/devel/.private/mhri_msgs/lib/python2.7/dist-packages/mhri_msgs/msg/_RenderItemActionGoal.py, /home/hri/catkin_ws/devel/lib/python2.7/dist-packages/mhri_msgs/msg/_RenderItemActionGoal.py)
Linked: (/home/hri/catkin_ws/devel/.private/mhri_msgs/lib/python2.7/dist-packages/mhri_msgs/msg/_RenderSceneActionGoal.py, /home/hri/catkin_ws/devel/lib/python2.7/dist-packages/mhri_msgs/msg/_RenderSceneActionGoal.py)
Linked: (/home/hri/catkin_ws/devel/.private/mhri_msgs/lib/python2.7/dist-packages/mhri_msgs/msg/_Reply.py, /home/hri/catkin_ws/devel/lib/python2.7/dist-packages/mhri_msgs/msg/_Reply.py)
Linked: (/home/hri/catkin_ws/devel/.private/mhri_msgs/lib/python2.7/dist-packages/mhri_msgs/msg/_RenderSceneActionFeedback.py, /home/hri/catkin_ws/devel/lib/python2.7/dist-packages/mhri_msgs/msg/_RenderSceneActionFeedback.py)
Linked: (/home/hri/catkin_ws/devel/.private/mhri_msgs/lib/python2.7/dist-packages/mhri_msgs/msg/_WaitEventActionResult.py, /home/hri/catkin_ws/devel/lib/python2.7/dist-packages/mhri_msgs/msg/_WaitEventActionResult.py)
Linked: (/home/hri/catkin_ws/devel/.private/mhri_msgs/lib/python2.7/dist-packages/mhri_msgs/msg/_WaitEventAction.py, /home/hri/catkin_ws/devel/lib/python2.7/dist-packages/mhri_msgs/msg/_WaitEventAction.py)
Linked: (/home/hri/catkin_ws/devel/.private/mhri_msgs/lib/python2.7/dist-packages/mhri_msgs/msg/_RenderSceneResult.py, /home/hri/catkin_ws/devel/lib/python2.7/dist-packages/mhri_msgs/msg/_RenderSceneResult.py)
Linked: (/home/hri/catkin_ws/devel/.private/mhri_msgs/lib/python2.7/dist-packages/mhri_msgs/msg/__init__.py, /home/hri/catkin_ws/devel/lib/python2.7/dist-packages/mhri_msgs/msg/__init__.py)
Linked: (/home/hri/catkin_ws/devel/.private/mhri_msgs/lib/python2.7/dist-packages/mhri_msgs/msg/_ScriptStatus.py, /home/hri/catkin_ws/devel/lib/python2.7/dist-packages/mhri_msgs/msg/_ScriptStatus.py)
Linked: (/home/hri/catkin_ws/devel/.private/mhri_msgs/lib/python2.7/dist-packages/mhri_msgs/msg/_GazeCommand.py, /home/hri/catkin_ws/devel/lib/python2.7/dist-packages/mhri_msgs/msg/_GazeCommand.py)
Linked: (/home/hri/catkin_ws/devel/.private/mhri_msgs/lib/python2.7/dist-packages/mhri_msgs/msg/_RenderItemAction.py, /home/hri/catkin_ws/devel/lib/python2.7/dist-packages/mhri_msgs/msg/_RenderItemAction.py)
Linked: (/home/hri/catkin_ws/devel/.private/mhri_msgs/lib/python2.7/dist-packages/mhri_msgs/msg/_RenderItemFeedback.py, /home/hri/catkin_ws/devel/lib/python2.7/dist-packages/mhri_msgs/msg/_RenderItemFeedback.py)
Linked: (/home/hri/catkin_ws/devel/.private/mhri_msgs/lib/python2.7/dist-packages/mhri_msgs/msg/_RenderSceneAction.py, /home/hri/catkin_ws/devel/lib/python2.7/dist-packages/mhri_msgs/msg/_RenderSceneAction.py)
Linked: (/home/hri/catkin_ws/devel/.private/mhri_msgs/lib/python2.7/dist-packages/mhri_msgs/msg/_RenderSceneActionResult.py, /home/hri/catkin_ws/devel/lib/python2.7/dist-packages/mhri_msgs/msg/_RenderSceneActionResult.py)
Linked: (/home/hri/catkin_ws/devel/.private/mhri_msgs/lib/python2.7/dist-packages/mhri_msgs/msg/_WaitEventResult.py, /home/hri/catkin_ws/devel/lib/python2.7/dist-packages/mhri_msgs/msg/_WaitEventResult.py)
Linked: (/home/hri/catkin_ws/devel/.private/mhri_msgs/lib/python2.7/dist-packages/mhri_msgs/msg/_RenderSceneGoal.py, /home/hri/catkin_ws/devel/lib/python2.7/dist-packages/mhri_msgs/msg/_RenderSceneGoal.py)
Linked: (/home/hri/catkin_ws/devel/.private/mhri_msgs/lib/python2.7/dist-packages/mhri_msgs/msg/_WaitEventFeedback.py, /home/hri/catkin_ws/devel/lib/python2.7/dist-packages/mhri_msgs/msg/_WaitEventFeedback.py)
Linked: (/home/hri/catkin_ws/devel/.private/mhri_msgs/lib/pkgconfig/mhri_msgs.pc, /home/hri/catkin_ws/devel/lib/pkgconfig/mhri_msgs.pc)
Linked: (/home/hri/catkin_ws/devel/.private/mhri_msgs/include/mhri_msgs/GetDataList.h, /home/hri/catkin_ws/devel/include/mhri_msgs/GetDataList.h)
Linked: (/home/hri/catkin_ws/devel/.private/mhri_msgs/include/mhri_msgs/WriteDataRequest.h, /home/hri/catkin_ws/devel/include/mhri_msgs/WriteDataRequest.h)
Linked: (/home/hri/catkin_ws/devel/.private/mhri_msgs/include/mhri_msgs/RenderItemActionGoal.h, /home/hri/catkin_ws/devel/include/mhri_msgs/RenderItemActionGoal.h)
Linked: (/home/hri/catkin_ws/devel/.private/mhri_msgs/include/mhri_msgs/RegisterData.h, /home/hri/catkin_ws/devel/include/mhri_msgs/RegisterData.h)
Linked: (/home/hri/catkin_ws/devel/.private/mhri_msgs/include/mhri_msgs/ReloadWithResult.h, /home/hri/catkin_ws/devel/include/mhri_msgs/ReloadWithResult.h)
Linked: (/home/hri/catkin_ws/devel/.private/mhri_msgs/include/mhri_msgs/WriteDataResponse.h, /home/hri/catkin_ws/devel/include/mhri_msgs/WriteDataResponse.h)
Linked: (/home/hri/catkin_ws/devel/.private/mhri_msgs/include/mhri_msgs/ReadDataResponse.h, /home/hri/catkin_ws/devel/include/mhri_msgs/ReadDataResponse.h)
Linked: (/home/hri/catkin_ws/devel/.private/mhri_msgs/include/mhri_msgs/WaitEventGoal.h, /home/hri/catkin_ws/devel/include/mhri_msgs/WaitEventGoal.h)
Linked: (/home/hri/catkin_ws/devel/.private/mhri_msgs/include/mhri_msgs/RenderSceneAction.h, /home/hri/catkin_ws/devel/include/mhri_msgs/RenderSceneAction.h)
Linked: (/home/hri/catkin_ws/devel/.private/mhri_msgs/include/mhri_msgs/RenderSceneGoal.h, /home/hri/catkin_ws/devel/include/mhri_msgs/RenderSceneGoal.h)
Linked: (/home/hri/catkin_ws/devel/.private/mhri_msgs/include/mhri_msgs/GetInstalledGesturesResponse.h, /home/hri/catkin_ws/devel/include/mhri_msgs/GetInstalledGesturesResponse.h)
Linked: (/home/hri/catkin_ws/devel/.private/mhri_msgs/include/mhri_msgs/ReadData.h, /home/hri/catkin_ws/devel/include/mhri_msgs/ReadData.h)
Linked: (/home/hri/catkin_ws/devel/.private/mhri_msgs/include/mhri_msgs/RenderItemGoal.h, /home/hri/catkin_ws/devel/include/mhri_msgs/RenderItemGoal.h)
Linked: (/home/hri/catkin_ws/devel/.private/mhri_msgs/include/mhri_msgs/GetInstalledGesturesRequest.h, /home/hri/catkin_ws/devel/include/mhri_msgs/GetInstalledGesturesRequest.h)
Linked: (/home/hri/catkin_ws/devel/.private/mhri_msgs/include/mhri_msgs/RenderItemAction.h, /home/hri/catkin_ws/devel/include/mhri_msgs/RenderItemAction.h)
Linked: (/home/hri/catkin_ws/devel/.private/mhri_msgs/include/mhri_msgs/WaitEventActionResult.h, /home/hri/catkin_ws/devel/include/mhri_msgs/WaitEventActionResult.h)
Linked: (/home/hri/catkin_ws/devel/.private/mhri_msgs/include/mhri_msgs/WaitEventFeedback.h, /home/hri/catkin_ws/devel/include/mhri_msgs/WaitEventFeedback.h)
Linked: (/home/hri/catkin_ws/devel/.private/mhri_msgs/include/mhri_msgs/ForwardingEvent.h, /home/hri/catkin_ws/devel/include/mhri_msgs/ForwardingEvent.h)
Linked: (/home/hri/catkin_ws/devel/.private/mhri_msgs/include/mhri_msgs/RaisingEvents.h, /home/hri/catkin_ws/devel/include/mhri_msgs/RaisingEvents.h)
Linked: (/home/hri/catkin_ws/devel/.private/mhri_msgs/include/mhri_msgs/ReadDataRequest.h, /home/hri/catkin_ws/devel/include/mhri_msgs/ReadDataRequest.h)
Linked: (/home/hri/catkin_ws/devel/.private/mhri_msgs/include/mhri_msgs/WaitEventActionGoal.h, /home/hri/catkin_ws/devel/include/mhri_msgs/WaitEventActionGoal.h)
Linked: (/home/hri/catkin_ws/devel/.private/mhri_msgs/include/mhri_msgs/RegisterDataResponse.h, /home/hri/catkin_ws/devel/include/mhri_msgs/RegisterDataResponse.h)
Linked: (/home/hri/catkin_ws/devel/.private/mhri_msgs/include/mhri_msgs/GetDataListResponse.h, /home/hri/catkin_ws/devel/include/mhri_msgs/GetDataListResponse.h)
Linked: (/home/hri/catkin_ws/devel/.private/mhri_msgs/include/mhri_msgs/WaitEventResult.h, /home/hri/catkin_ws/devel/include/mhri_msgs/WaitEventResult.h)
Linked: (/home/hri/catkin_ws/devel/.private/mhri_msgs/include/mhri_msgs/ScriptStatus.h, /home/hri/catkin_ws/devel/include/mhri_msgs/ScriptStatus.h)
Linked: (/home/hri/catkin_ws/devel/.private/mhri_msgs/include/mhri_msgs/GazeCommand.h, /home/hri/catkin_ws/devel/include/mhri_msgs/GazeCommand.h)
Linked: (/home/hri/catkin_ws/devel/.private/mhri_msgs/include/mhri_msgs/WaitEventActionFeedback.h, /home/hri/catkin_ws/devel/include/mhri_msgs/WaitEventActionFeedback.h)
Linked: (/home/hri/catkin_ws/devel/.private/mhri_msgs/include/mhri_msgs/LogItem.h, /home/hri/catkin_ws/devel/include/mhri_msgs/LogItem.h)
Linked: (/home/hri/catkin_ws/devel/.private/mhri_msgs/include/mhri_msgs/RenderItemResult.h, /home/hri/catkin_ws/devel/include/mhri_msgs/RenderItemResult.h)
Linked: (/home/hri/catkin_ws/devel/.private/mhri_msgs/include/mhri_msgs/WaitEventAction.h, /home/hri/catkin_ws/devel/include/mhri_msgs/WaitEventAction.h)
Linked: (/home/hri/catkin_ws/devel/.private/mhri_msgs/include/mhri_msgs/RenderSceneActionFeedback.h, /home/hri/catkin_ws/devel/include/mhri_msgs/RenderSceneActionFeedback.h)
Linked: (/home/hri/catkin_ws/devel/.private/mhri_msgs/include/mhri_msgs/RenderSceneActionResult.h, /home/hri/catkin_ws/devel/include/mhri_msgs/RenderSceneActionResult.h)
Linked: (/home/hri/catkin_ws/devel/.private/mhri_msgs/include/mhri_msgs/RenderSceneFeedback.h, /home/hri/catkin_ws/devel/include/mhri_msgs/RenderSceneFeedback.h)
Linked: (/home/hri/catkin_ws/devel/.private/mhri_msgs/include/mhri_msgs/RenderItemActionResult.h, /home/hri/catkin_ws/devel/include/mhri_msgs/RenderItemActionResult.h)
Linked: (/home/hri/catkin_ws/devel/.private/mhri_msgs/include/mhri_msgs/ReloadWithResultRequest.h, /home/hri/catkin_ws/devel/include/mhri_msgs/ReloadWithResultRequest.h)
Linked: (/home/hri/catkin_ws/devel/.private/mhri_msgs/include/mhri_msgs/ReloadWithResultResponse.h, /home/hri/catkin_ws/devel/include/mhri_msgs/ReloadWithResultResponse.h)
Linked: (/home/hri/catkin_ws/devel/.private/mhri_msgs/include/mhri_msgs/RenderSceneActionGoal.h, /home/hri/catkin_ws/devel/include/mhri_msgs/RenderSceneActionGoal.h)
Linked: (/home/hri/catkin_ws/devel/.private/mhri_msgs/include/mhri_msgs/Reply.h, /home/hri/catkin_ws/devel/include/mhri_msgs/Reply.h)
Linked: (/home/hri/catkin_ws/devel/.private/mhri_msgs/include/mhri_msgs/RenderItemFeedback.h, /home/hri/catkin_ws/devel/include/mhri_msgs/RenderItemFeedback.h)
Linked: (/home/hri/catkin_ws/devel/.private/mhri_msgs/include/mhri_msgs/GetInstalledGestures.h, /home/hri/catkin_ws/devel/include/mhri_msgs/GetInstalledGestures.h)
Linked: (/home/hri/catkin_ws/devel/.private/mhri_msgs/include/mhri_msgs/GetDataListRequest.h, /home/hri/catkin_ws/devel/include/mhri_msgs/GetDataListRequest.h)
Linked: (/home/hri/catkin_ws/devel/.private/mhri_msgs/include/mhri_msgs/RenderItemActionFeedback.h, /home/hri/catkin_ws/devel/include/mhri_msgs/RenderItemActionFeedback.h)
Linked: (/home/hri/catkin_ws/devel/.private/mhri_msgs/include/mhri_msgs/RegisterDataRequest.h, /home/hri/catkin_ws/devel/include/mhri_msgs/RegisterDataRequest.h)
Linked: (/home/hri/catkin_ws/devel/.private/mhri_msgs/include/mhri_msgs/WriteData.h, /home/hri/catkin_ws/devel/include/mhri_msgs/WriteData.h)
Linked: (/home/hri/catkin_ws/devel/.private/mhri_msgs/include/mhri_msgs/RenderSceneResult.h, /home/hri/catkin_ws/devel/include/mhri_msgs/RenderSceneResult.h)
Linked: (/home/hri/catkin_ws/devel/.private/mhri_msgs/share/gennodejs/ros/mhri_msgs/_index.js, /home/hri/catkin_ws/devel/share/gennodejs/ros/mhri_msgs/_index.js)
Linked: (/home/hri/catkin_ws/devel/.private/mhri_msgs/share/gennodejs/ros/mhri_msgs/srv/GetDataList.js, /home/hri/catkin_ws/devel/share/gennodejs/ros/mhri_msgs/srv/GetDataList.js)
Linked: (/home/hri/catkin_ws/devel/.private/mhri_msgs/share/gennodejs/ros/mhri_msgs/srv/GetInstalledGestures.js, /home/hri/catkin_ws/devel/share/gennodejs/ros/mhri_msgs/srv/GetInstalledGestures.js)
Linked: (/home/hri/catkin_ws/devel/.private/mhri_msgs/share/gennodejs/ros/mhri_msgs/srv/WriteData.js, /home/hri/catkin_ws/devel/share/gennodejs/ros/mhri_msgs/srv/WriteData.js)
Linked: (/home/hri/catkin_ws/devel/.private/mhri_msgs/share/gennodejs/ros/mhri_msgs/srv/ReadData.js, /home/hri/catkin_ws/devel/share/gennodejs/ros/mhri_msgs/srv/ReadData.js)
Linked: (/home/hri/catkin_ws/devel/.private/mhri_msgs/share/gennodejs/ros/mhri_msgs/srv/RegisterData.js, /home/hri/catkin_ws/devel/share/gennodejs/ros/mhri_msgs/srv/RegisterData.js)
Linked: (/home/hri/catkin_ws/devel/.private/mhri_msgs/share/gennodejs/ros/mhri_msgs/srv/_index.js, /home/hri/catkin_ws/devel/share/gennodejs/ros/mhri_msgs/srv/_index.js)
Linked: (/home/hri/catkin_ws/devel/.private/mhri_msgs/share/gennodejs/ros/mhri_msgs/srv/ReloadWithResult.js, /home/hri/catkin_ws/devel/share/gennodejs/ros/mhri_msgs/srv/ReloadWithResult.js)
Linked: (/home/hri/catkin_ws/devel/.private/mhri_msgs/share/gennodejs/ros/mhri_msgs/msg/RenderItemResult.js, /home/hri/catkin_ws/devel/share/gennodejs/ros/mhri_msgs/msg/RenderItemResult.js)
Linked: (/home/hri/catkin_ws/devel/.private/mhri_msgs/share/gennodejs/ros/mhri_msgs/msg/RenderSceneFeedback.js, /home/hri/catkin_ws/devel/share/gennodejs/ros/mhri_msgs/msg/RenderSceneFeedback.js)
Linked: (/home/hri/catkin_ws/devel/.private/mhri_msgs/share/gennodejs/ros/mhri_msgs/msg/RenderSceneActionGoal.js, /home/hri/catkin_ws/devel/share/gennodejs/ros/mhri_msgs/msg/RenderSceneActionGoal.js)
Linked: (/home/hri/catkin_ws/devel/.private/mhri_msgs/share/gennodejs/ros/mhri_msgs/msg/RenderItemGoal.js, /home/hri/catkin_ws/devel/share/gennodejs/ros/mhri_msgs/msg/RenderItemGoal.js)
Linked: (/home/hri/catkin_ws/devel/.private/mhri_msgs/share/gennodejs/ros/mhri_msgs/msg/RenderItemActionResult.js, /home/hri/catkin_ws/devel/share/gennodejs/ros/mhri_msgs/msg/RenderItemActionResult.js)
Linked: (/home/hri/catkin_ws/devel/.private/mhri_msgs/share/gennodejs/ros/mhri_msgs/msg/Reply.js, /home/hri/catkin_ws/devel/share/gennodejs/ros/mhri_msgs/msg/Reply.js)
Linked: (/home/hri/catkin_ws/devel/.private/mhri_msgs/share/gennodejs/ros/mhri_msgs/msg/RenderSceneActionResult.js, /home/hri/catkin_ws/devel/share/gennodejs/ros/mhri_msgs/msg/RenderSceneActionResult.js)
Linked: (/home/hri/catkin_ws/devel/.private/mhri_msgs/share/gennodejs/ros/mhri_msgs/msg/RenderSceneActionFeedback.js, /home/hri/catkin_ws/devel/share/gennodejs/ros/mhri_msgs/msg/RenderSceneActionFeedback.js)
Linked: (/home/hri/catkin_ws/devel/.private/mhri_msgs/share/gennodejs/ros/mhri_msgs/msg/RenderSceneResult.js, /home/hri/catkin_ws/devel/share/gennodejs/ros/mhri_msgs/msg/RenderSceneResult.js)
Linked: (/home/hri/catkin_ws/devel/.private/mhri_msgs/share/gennodejs/ros/mhri_msgs/msg/WaitEventActionGoal.js, /home/hri/catkin_ws/devel/share/gennodejs/ros/mhri_msgs/msg/WaitEventActionGoal.js)
Linked: (/home/hri/catkin_ws/devel/.private/mhri_msgs/share/gennodejs/ros/mhri_msgs/msg/RenderSceneAction.js, /home/hri/catkin_ws/devel/share/gennodejs/ros/mhri_msgs/msg/RenderSceneAction.js)
Linked: (/home/hri/catkin_ws/devel/.private/mhri_msgs/share/gennodejs/ros/mhri_msgs/msg/ScriptStatus.js, /home/hri/catkin_ws/devel/share/gennodejs/ros/mhri_msgs/msg/ScriptStatus.js)
Linked: (/home/hri/catkin_ws/devel/.private/mhri_msgs/share/gennodejs/ros/mhri_msgs/msg/WaitEventAction.js, /home/hri/catkin_ws/devel/share/gennodejs/ros/mhri_msgs/msg/WaitEventAction.js)
Linked: (/home/hri/catkin_ws/devel/.private/mhri_msgs/share/gennodejs/ros/mhri_msgs/msg/WaitEventActionFeedback.js, /home/hri/catkin_ws/devel/share/gennodejs/ros/mhri_msgs/msg/WaitEventActionFeedback.js)
Linked: (/home/hri/catkin_ws/devel/.private/mhri_msgs/share/gennodejs/ros/mhri_msgs/msg/WaitEventActionResult.js, /home/hri/catkin_ws/devel/share/gennodejs/ros/mhri_msgs/msg/WaitEventActionResult.js)
Linked: (/home/hri/catkin_ws/devel/.private/mhri_msgs/share/gennodejs/ros/mhri_msgs/msg/WaitEventResult.js, /home/hri/catkin_ws/devel/share/gennodejs/ros/mhri_msgs/msg/WaitEventResult.js)
Linked: (/home/hri/catkin_ws/devel/.private/mhri_msgs/share/gennodejs/ros/mhri_msgs/msg/RaisingEvents.js, /home/hri/catkin_ws/devel/share/gennodejs/ros/mhri_msgs/msg/RaisingEvents.js)
Linked: (/home/hri/catkin_ws/devel/.private/mhri_msgs/share/gennodejs/ros/mhri_msgs/msg/RenderItemActionFeedback.js, /home/hri/catkin_ws/devel/share/gennodejs/ros/mhri_msgs/msg/RenderItemActionFeedback.js)
Linked: (/home/hri/catkin_ws/devel/.private/mhri_msgs/share/gennodejs/ros/mhri_msgs/msg/RenderItemFeedback.js, /home/hri/catkin_ws/devel/share/gennodejs/ros/mhri_msgs/msg/RenderItemFeedback.js)
Linked: (/home/hri/catkin_ws/devel/.private/mhri_msgs/share/gennodejs/ros/mhri_msgs/msg/_index.js, /home/hri/catkin_ws/devel/share/gennodejs/ros/mhri_msgs/msg/_index.js)
Linked: (/home/hri/catkin_ws/devel/.private/mhri_msgs/share/gennodejs/ros/mhri_msgs/msg/RenderItemAction.js, /home/hri/catkin_ws/devel/share/gennodejs/ros/mhri_msgs/msg/RenderItemAction.js)
Linked: (/home/hri/catkin_ws/devel/.private/mhri_msgs/share/gennodejs/ros/mhri_msgs/msg/LogItem.js, /home/hri/catkin_ws/devel/share/gennodejs/ros/mhri_msgs/msg/LogItem.js)
Linked: (/home/hri/catkin_ws/devel/.private/mhri_msgs/share/gennodejs/ros/mhri_msgs/msg/RenderItemActionGoal.js, /home/hri/catkin_ws/devel/share/gennodejs/ros/mhri_msgs/msg/RenderItemActionGoal.js)
Linked: (/home/hri/catkin_ws/devel/.private/mhri_msgs/share/gennodejs/ros/mhri_msgs/msg/WaitEventGoal.js, /home/hri/catkin_ws/devel/share/gennodejs/ros/mhri_msgs/msg/WaitEventGoal.js)
Linked: (/home/hri/catkin_ws/devel/.private/mhri_msgs/share/gennodejs/ros/mhri_msgs/msg/GazeCommand.js, /home/hri/catkin_ws/devel/share/gennodejs/ros/mhri_msgs/msg/GazeCommand.js)
Linked: (/home/hri/catkin_ws/devel/.private/mhri_msgs/share/gennodejs/ros/mhri_msgs/msg/WaitEventFeedback.js, /home/hri/catkin_ws/devel/share/gennodejs/ros/mhri_msgs/msg/WaitEventFeedback.js)
Linked: (/home/hri/catkin_ws/devel/.private/mhri_msgs/share/gennodejs/ros/mhri_msgs/msg/RenderSceneGoal.js, /home/hri/catkin_ws/devel/share/gennodejs/ros/mhri_msgs/msg/RenderSceneGoal.js)
Linked: (/home/hri/catkin_ws/devel/.private/mhri_msgs/share/gennodejs/ros/mhri_msgs/msg/ForwardingEvent.js, /home/hri/catkin_ws/devel/share/gennodejs/ros/mhri_msgs/msg/ForwardingEvent.js)
Linked: (/home/hri/catkin_ws/devel/.private/mhri_msgs/share/roseus/ros/mhri_msgs/manifest.l, /home/hri/catkin_ws/devel/share/roseus/ros/mhri_msgs/manifest.l)
Linked: (/home/hri/catkin_ws/devel/.private/mhri_msgs/share/roseus/ros/mhri_msgs/srv/WriteData.l, /home/hri/catkin_ws/devel/share/roseus/ros/mhri_msgs/srv/WriteData.l)
Linked: (/home/hri/catkin_ws/devel/.private/mhri_msgs/share/roseus/ros/mhri_msgs/srv/ReloadWithResult.l, /home/hri/catkin_ws/devel/share/roseus/ros/mhri_msgs/srv/ReloadWithResult.l)
Linked: (/home/hri/catkin_ws/devel/.private/mhri_msgs/share/roseus/ros/mhri_msgs/srv/ReadData.l, /home/hri/catkin_ws/devel/share/roseus/ros/mhri_msgs/srv/ReadData.l)
Linked: (/home/hri/catkin_ws/devel/.private/mhri_msgs/share/roseus/ros/mhri_msgs/srv/GetDataList.l, /home/hri/catkin_ws/devel/share/roseus/ros/mhri_msgs/srv/GetDataList.l)
Linked: (/home/hri/catkin_ws/devel/.private/mhri_msgs/share/roseus/ros/mhri_msgs/srv/GetInstalledGestures.l, /home/hri/catkin_ws/devel/share/roseus/ros/mhri_msgs/srv/GetInstalledGestures.l)
Linked: (/home/hri/catkin_ws/devel/.private/mhri_msgs/share/roseus/ros/mhri_msgs/srv/RegisterData.l, /home/hri/catkin_ws/devel/share/roseus/ros/mhri_msgs/srv/RegisterData.l)
Linked: (/home/hri/catkin_ws/devel/.private/mhri_msgs/share/roseus/ros/mhri_msgs/msg/WaitEventAction.l, /home/hri/catkin_ws/devel/share/roseus/ros/mhri_msgs/msg/WaitEventAction.l)
Linked: (/home/hri/catkin_ws/devel/.private/mhri_msgs/share/roseus/ros/mhri_msgs/msg/GazeCommand.l, /home/hri/catkin_ws/devel/share/roseus/ros/mhri_msgs/msg/GazeCommand.l)
Linked: (/home/hri/catkin_ws/devel/.private/mhri_msgs/share/roseus/ros/mhri_msgs/msg/LogItem.l, /home/hri/catkin_ws/devel/share/roseus/ros/mhri_msgs/msg/LogItem.l)
Linked: (/home/hri/catkin_ws/devel/.private/mhri_msgs/share/roseus/ros/mhri_msgs/msg/RenderSceneActionFeedback.l, /home/hri/catkin_ws/devel/share/roseus/ros/mhri_msgs/msg/RenderSceneActionFeedback.l)
Linked: (/home/hri/catkin_ws/devel/.private/mhri_msgs/share/roseus/ros/mhri_msgs/msg/RenderSceneActionGoal.l, /home/hri/catkin_ws/devel/share/roseus/ros/mhri_msgs/msg/RenderSceneActionGoal.l)
Linked: (/home/hri/catkin_ws/devel/.private/mhri_msgs/share/roseus/ros/mhri_msgs/msg/RenderItemGoal.l, /home/hri/catkin_ws/devel/share/roseus/ros/mhri_msgs/msg/RenderItemGoal.l)
Linked: (/home/hri/catkin_ws/devel/.private/mhri_msgs/share/roseus/ros/mhri_msgs/msg/RenderItemAction.l, /home/hri/catkin_ws/devel/share/roseus/ros/mhri_msgs/msg/RenderItemAction.l)
Linked: (/home/hri/catkin_ws/devel/.private/mhri_msgs/share/roseus/ros/mhri_msgs/msg/RenderItemResult.l, /home/hri/catkin_ws/devel/share/roseus/ros/mhri_msgs/msg/RenderItemResult.l)
Linked: (/home/hri/catkin_ws/devel/.private/mhri_msgs/share/roseus/ros/mhri_msgs/msg/WaitEventFeedback.l, /home/hri/catkin_ws/devel/share/roseus/ros/mhri_msgs/msg/WaitEventFeedback.l)
Linked: (/home/hri/catkin_ws/devel/.private/mhri_msgs/share/roseus/ros/mhri_msgs/msg/RenderItemFeedback.l, /home/hri/catkin_ws/devel/share/roseus/ros/mhri_msgs/msg/RenderItemFeedback.l)
Linked: (/home/hri/catkin_ws/devel/.private/mhri_msgs/share/roseus/ros/mhri_msgs/msg/RenderSceneGoal.l, /home/hri/catkin_ws/devel/share/roseus/ros/mhri_msgs/msg/RenderSceneGoal.l)
Linked: (/home/hri/catkin_ws/devel/.private/mhri_msgs/share/roseus/ros/mhri_msgs/msg/WaitEventActionFeedback.l, /home/hri/catkin_ws/devel/share/roseus/ros/mhri_msgs/msg/WaitEventActionFeedback.l)
Linked: (/home/hri/catkin_ws/devel/.private/mhri_msgs/share/roseus/ros/mhri_msgs/msg/RenderSceneResult.l, /home/hri/catkin_ws/devel/share/roseus/ros/mhri_msgs/msg/RenderSceneResult.l)
Linked: (/home/hri/catkin_ws/devel/.private/mhri_msgs/share/roseus/ros/mhri_msgs/msg/WaitEventGoal.l, /home/hri/catkin_ws/devel/share/roseus/ros/mhri_msgs/msg/WaitEventGoal.l)
Linked: (/home/hri/catkin_ws/devel/.private/mhri_msgs/share/roseus/ros/mhri_msgs/msg/RenderSceneActionResult.l, /home/hri/catkin_ws/devel/share/roseus/ros/mhri_msgs/msg/RenderSceneActionResult.l)
Linked: (/home/hri/catkin_ws/devel/.private/mhri_msgs/share/roseus/ros/mhri_msgs/msg/RaisingEvents.l, /home/hri/catkin_ws/devel/share/roseus/ros/mhri_msgs/msg/RaisingEvents.l)
Linked: (/home/hri/catkin_ws/devel/.private/mhri_msgs/share/roseus/ros/mhri_msgs/msg/ScriptStatus.l, /home/hri/catkin_ws/devel/share/roseus/ros/mhri_msgs/msg/ScriptStatus.l)
Linked: (/home/hri/catkin_ws/devel/.private/mhri_msgs/share/roseus/ros/mhri_msgs/msg/WaitEventActionGoal.l, /home/hri/catkin_ws/devel/share/roseus/ros/mhri_msgs/msg/WaitEventActionGoal.l)
Linked: (/home/hri/catkin_ws/devel/.private/mhri_msgs/share/roseus/ros/mhri_msgs/msg/WaitEventResult.l, /home/hri/catkin_ws/devel/share/roseus/ros/mhri_msgs/msg/WaitEventResult.l)
Linked: (/home/hri/catkin_ws/devel/.private/mhri_msgs/share/roseus/ros/mhri_msgs/msg/RenderItemActionFeedback.l, /home/hri/catkin_ws/devel/share/roseus/ros/mhri_msgs/msg/RenderItemActionFeedback.l)
Linked: (/home/hri/catkin_ws/devel/.private/mhri_msgs/share/roseus/ros/mhri_msgs/msg/Reply.l, /home/hri/catkin_ws/devel/share/roseus/ros/mhri_msgs/msg/Reply.l)
Linked: (/home/hri/catkin_ws/devel/.private/mhri_msgs/share/roseus/ros/mhri_msgs/msg/WaitEventActionResult.l, /home/hri/catkin_ws/devel/share/roseus/ros/mhri_msgs/msg/WaitEventActionResult.l)
Linked: (/home/hri/catkin_ws/devel/.private/mhri_msgs/share/roseus/ros/mhri_msgs/msg/RenderItemActionGoal.l, /home/hri/catkin_ws/devel/share/roseus/ros/mhri_msgs/msg/RenderItemActionGoal.l)
Linked: (/home/hri/catkin_ws/devel/.private/mhri_msgs/share/roseus/ros/mhri_msgs/msg/RenderSceneFeedback.l, /home/hri/catkin_ws/devel/share/roseus/ros/mhri_msgs/msg/RenderSceneFeedback.l)
Linked: (/home/hri/catkin_ws/devel/.private/mhri_msgs/share/roseus/ros/mhri_msgs/msg/RenderItemActionResult.l, /home/hri/catkin_ws/devel/share/roseus/ros/mhri_msgs/msg/RenderItemActionResult.l)
Linked: (/home/hri/catkin_ws/devel/.private/mhri_msgs/share/roseus/ros/mhri_msgs/msg/RenderSceneAction.l, /home/hri/catkin_ws/devel/share/roseus/ros/mhri_msgs/msg/RenderSceneAction.l)
Linked: (/home/hri/catkin_ws/devel/.private/mhri_msgs/share/roseus/ros/mhri_msgs/msg/ForwardingEvent.l, /home/hri/catkin_ws/devel/share/roseus/ros/mhri_msgs/msg/ForwardingEvent.l)
Linked: (/home/hri/catkin_ws/devel/.private/mhri_msgs/share/common-lisp/ros/mhri_msgs/srv/_package_ReadData.lisp, /home/hri/catkin_ws/devel/share/common-lisp/ros/mhri_msgs/srv/_package_ReadData.lisp)
Linked: (/home/hri/catkin_ws/devel/.private/mhri_msgs/share/common-lisp/ros/mhri_msgs/srv/ReloadWithResult.lisp, /home/hri/catkin_ws/devel/share/common-lisp/ros/mhri_msgs/srv/ReloadWithResult.lisp)
Linked: (/home/hri/catkin_ws/devel/.private/mhri_msgs/share/common-lisp/ros/mhri_msgs/srv/_package_RegisterData.lisp, /home/hri/catkin_ws/devel/share/common-lisp/ros/mhri_msgs/srv/_package_RegisterData.lisp)
Linked: (/home/hri/catkin_ws/devel/.private/mhri_msgs/share/common-lisp/ros/mhri_msgs/srv/GetDataList.lisp, /home/hri/catkin_ws/devel/share/common-lisp/ros/mhri_msgs/srv/GetDataList.lisp)
Linked: (/home/hri/catkin_ws/devel/.private/mhri_msgs/share/common-lisp/ros/mhri_msgs/srv/_package_GetInstalledGestures.lisp, /home/hri/catkin_ws/devel/share/common-lisp/ros/mhri_msgs/srv/_package_GetInstalledGestures.lisp)
Linked: (/home/hri/catkin_ws/devel/.private/mhri_msgs/share/common-lisp/ros/mhri_msgs/srv/_package.lisp, /home/hri/catkin_ws/devel/share/common-lisp/ros/mhri_msgs/srv/_package.lisp)
Linked: (/home/hri/catkin_ws/devel/.private/mhri_msgs/share/common-lisp/ros/mhri_msgs/srv/RegisterData.lisp, /home/hri/catkin_ws/devel/share/common-lisp/ros/mhri_msgs/srv/RegisterData.lisp)
Linked: (/home/hri/catkin_ws/devel/.private/mhri_msgs/share/common-lisp/ros/mhri_msgs/srv/ReadData.lisp, /home/hri/catkin_ws/devel/share/common-lisp/ros/mhri_msgs/srv/ReadData.lisp)
Linked: (/home/hri/catkin_ws/devel/.private/mhri_msgs/share/common-lisp/ros/mhri_msgs/srv/_package_WriteData.lisp, /home/hri/catkin_ws/devel/share/common-lisp/ros/mhri_msgs/srv/_package_WriteData.lisp)
Linked: (/home/hri/catkin_ws/devel/.private/mhri_msgs/share/common-lisp/ros/mhri_msgs/srv/_package_GetDataList.lisp, /home/hri/catkin_ws/devel/share/common-lisp/ros/mhri_msgs/srv/_package_GetDataList.lisp)
Linked: (/home/hri/catkin_ws/devel/.private/mhri_msgs/share/common-lisp/ros/mhri_msgs/srv/mhri_msgs-srv.asd, /home/hri/catkin_ws/devel/share/common-lisp/ros/mhri_msgs/srv/mhri_msgs-srv.asd)
Linked: (/home/hri/catkin_ws/devel/.private/mhri_msgs/share/common-lisp/ros/mhri_msgs/srv/WriteData.lisp, /home/hri/catkin_ws/devel/share/common-lisp/ros/mhri_msgs/srv/WriteData.lisp)
Linked: (/home/hri/catkin_ws/devel/.private/mhri_msgs/share/common-lisp/ros/mhri_msgs/srv/GetInstalledGestures.lisp, /home/hri/catkin_ws/devel/share/common-lisp/ros/mhri_msgs/srv/GetInstalledGestures.lisp)
Linked: (/home/hri/catkin_ws/devel/.private/mhri_msgs/share/common-lisp/ros/mhri_msgs/srv/_package_ReloadWithResult.lisp, /home/hri/catkin_ws/devel/share/common-lisp/ros/mhri_msgs/srv/_package_ReloadWithResult.lisp)
Linked: (/home/hri/catkin_ws/devel/.private/mhri_msgs/share/common-lisp/ros/mhri_msgs/msg/RenderItemActionGoal.lisp, /home/hri/catkin_ws/devel/share/common-lisp/ros/mhri_msgs/msg/RenderItemActionGoal.lisp)
Linked: (/home/hri/catkin_ws/devel/.private/mhri_msgs/share/common-lisp/ros/mhri_msgs/msg/ForwardingEvent.lisp, /home/hri/catkin_ws/devel/share/common-lisp/ros/mhri_msgs/msg/ForwardingEvent.lisp)
Linked: (/home/hri/catkin_ws/devel/.private/mhri_msgs/share/common-lisp/ros/mhri_msgs/msg/_package_RenderItemActionResult.lisp, /home/hri/catkin_ws/devel/share/common-lisp/ros/mhri_msgs/msg/_package_RenderItemActionResult.lisp)
Linked: (/home/hri/catkin_ws/devel/.private/mhri_msgs/share/common-lisp/ros/mhri_msgs/msg/RenderSceneActionFeedback.lisp, /home/hri/catkin_ws/devel/share/common-lisp/ros/mhri_msgs/msg/RenderSceneActionFeedback.lisp)
Linked: (/home/hri/catkin_ws/devel/.private/mhri_msgs/share/common-lisp/ros/mhri_msgs/msg/Reply.lisp, /home/hri/catkin_ws/devel/share/common-lisp/ros/mhri_msgs/msg/Reply.lisp)
Linked: (/home/hri/catkin_ws/devel/.private/mhri_msgs/share/common-lisp/ros/mhri_msgs/msg/_package_ScriptStatus.lisp, /home/hri/catkin_ws/devel/share/common-lisp/ros/mhri_msgs/msg/_package_ScriptStatus.lisp)
Linked: (/home/hri/catkin_ws/devel/.private/mhri_msgs/share/common-lisp/ros/mhri_msgs/msg/_package_RenderItemResult.lisp, /home/hri/catkin_ws/devel/share/common-lisp/ros/mhri_msgs/msg/_package_RenderItemResult.lisp)
Linked: (/home/hri/catkin_ws/devel/.private/mhri_msgs/share/common-lisp/ros/mhri_msgs/msg/_package_RaisingEvents.lisp, /home/hri/catkin_ws/devel/share/common-lisp/ros/mhri_msgs/msg/_package_RaisingEvents.lisp)
Linked: (/home/hri/catkin_ws/devel/.private/mhri_msgs/share/common-lisp/ros/mhri_msgs/msg/_package_RenderItemActionGoal.lisp, /home/hri/catkin_ws/devel/share/common-lisp/ros/mhri_msgs/msg/_package_RenderItemActionGoal.lisp)
Linked: (/home/hri/catkin_ws/devel/.private/mhri_msgs/share/common-lisp/ros/mhri_msgs/msg/_package_RenderSceneActionResult.lisp, /home/hri/catkin_ws/devel/share/common-lisp/ros/mhri_msgs/msg/_package_RenderSceneActionResult.lisp)
Linked: (/home/hri/catkin_ws/devel/.private/mhri_msgs/share/common-lisp/ros/mhri_msgs/msg/_package_WaitEventActionResult.lisp, /home/hri/catkin_ws/devel/share/common-lisp/ros/mhri_msgs/msg/_package_WaitEventActionResult.lisp)
Linked: (/home/hri/catkin_ws/devel/.private/mhri_msgs/share/common-lisp/ros/mhri_msgs/msg/WaitEventFeedback.lisp, /home/hri/catkin_ws/devel/share/common-lisp/ros/mhri_msgs/msg/WaitEventFeedback.lisp)
Linked: (/home/hri/catkin_ws/devel/.private/mhri_msgs/share/common-lisp/ros/mhri_msgs/msg/RenderSceneActionGoal.lisp, /home/hri/catkin_ws/devel/share/common-lisp/ros/mhri_msgs/msg/RenderSceneActionGoal.lisp)
Linked: (/home/hri/catkin_ws/devel/.private/mhri_msgs/share/common-lisp/ros/mhri_msgs/msg/_package_RenderSceneResult.lisp, /home/hri/catkin_ws/devel/share/common-lisp/ros/mhri_msgs/msg/_package_RenderSceneResult.lisp)
Linked: (/home/hri/catkin_ws/devel/.private/mhri_msgs/share/common-lisp/ros/mhri_msgs/msg/mhri_msgs-msg.asd, /home/hri/catkin_ws/devel/share/common-lisp/ros/mhri_msgs/msg/mhri_msgs-msg.asd)
Linked: (/home/hri/catkin_ws/devel/.private/mhri_msgs/share/common-lisp/ros/mhri_msgs/msg/_package_RenderItemGoal.lisp, /home/hri/catkin_ws/devel/share/common-lisp/ros/mhri_msgs/msg/_package_RenderItemGoal.lisp)
Linked: (/home/hri/catkin_ws/devel/.private/mhri_msgs/share/common-lisp/ros/mhri_msgs/msg/WaitEventGoal.lisp, /home/hri/catkin_ws/devel/share/common-lisp/ros/mhri_msgs/msg/WaitEventGoal.lisp)
Linked: (/home/hri/catkin_ws/devel/.private/mhri_msgs/share/common-lisp/ros/mhri_msgs/msg/_package_RenderSceneGoal.lisp, /home/hri/catkin_ws/devel/share/common-lisp/ros/mhri_msgs/msg/_package_RenderSceneGoal.lisp)
Linked: (/home/hri/catkin_ws/devel/.private/mhri_msgs/share/common-lisp/ros/mhri_msgs/msg/RenderSceneFeedback.lisp, /home/hri/catkin_ws/devel/share/common-lisp/ros/mhri_msgs/msg/RenderSceneFeedback.lisp)
Linked: (/home/hri/catkin_ws/devel/.private/mhri_msgs/share/common-lisp/ros/mhri_msgs/msg/RenderItemFeedback.lisp, /home/hri/catkin_ws/devel/share/common-lisp/ros/mhri_msgs/msg/RenderItemFeedback.lisp)
Linked: (/home/hri/catkin_ws/devel/.private/mhri_msgs/share/common-lisp/ros/mhri_msgs/msg/_package_WaitEventFeedback.lisp, /home/hri/catkin_ws/devel/share/common-lisp/ros/mhri_msgs/msg/_package_WaitEventFeedback.lisp)
Linked: (/home/hri/catkin_ws/devel/.private/mhri_msgs/share/common-lisp/ros/mhri_msgs/msg/RenderItemResult.lisp, /home/hri/catkin_ws/devel/share/common-lisp/ros/mhri_msgs/msg/RenderItemResult.lisp)
Linked: (/home/hri/catkin_ws/devel/.private/mhri_msgs/share/common-lisp/ros/mhri_msgs/msg/RenderItemAction.lisp, /home/hri/catkin_ws/devel/share/common-lisp/ros/mhri_msgs/msg/RenderItemAction.lisp)
Linked: (/home/hri/catkin_ws/devel/.private/mhri_msgs/share/common-lisp/ros/mhri_msgs/msg/_package_WaitEventAction.lisp, /home/hri/catkin_ws/devel/share/common-lisp/ros/mhri_msgs/msg/_package_WaitEventAction.lisp)
Linked: (/home/hri/catkin_ws/devel/.private/mhri_msgs/share/common-lisp/ros/mhri_msgs/msg/_package_GazeCommand.lisp, /home/hri/catkin_ws/devel/share/common-lisp/ros/mhri_msgs/msg/_package_GazeCommand.lisp)
Linked: (/home/hri/catkin_ws/devel/.private/mhri_msgs/share/common-lisp/ros/mhri_msgs/msg/_package_WaitEventResult.lisp, /home/hri/catkin_ws/devel/share/common-lisp/ros/mhri_msgs/msg/_package_WaitEventResult.lisp)
Linked: (/home/hri/catkin_ws/devel/.private/mhri_msgs/share/common-lisp/ros/mhri_msgs/msg/_package_RenderSceneFeedback.lisp, /home/hri/catkin_ws/devel/share/common-lisp/ros/mhri_msgs/msg/_package_RenderSceneFeedback.lisp)
Linked: (/home/hri/catkin_ws/devel/.private/mhri_msgs/share/common-lisp/ros/mhri_msgs/msg/RenderSceneResult.lisp, /home/hri/catkin_ws/devel/share/common-lisp/ros/mhri_msgs/msg/RenderSceneResult.lisp)
Linked: (/home/hri/catkin_ws/devel/.private/mhri_msgs/share/common-lisp/ros/mhri_msgs/msg/WaitEventActionFeedback.lisp, /home/hri/catkin_ws/devel/share/common-lisp/ros/mhri_msgs/msg/WaitEventActionFeedback.lisp)
Linked: (/home/hri/catkin_ws/devel/.private/mhri_msgs/share/common-lisp/ros/mhri_msgs/msg/ScriptStatus.lisp, /home/hri/catkin_ws/devel/share/common-lisp/ros/mhri_msgs/msg/ScriptStatus.lisp)
Linked: (/home/hri/catkin_ws/devel/.private/mhri_msgs/share/common-lisp/ros/mhri_msgs/msg/_package_RenderSceneActionFeedback.lisp, /home/hri/catkin_ws/devel/share/common-lisp/ros/mhri_msgs/msg/_package_RenderSceneActionFeedback.lisp)
Linked: (/home/hri/catkin_ws/devel/.private/mhri_msgs/share/common-lisp/ros/mhri_msgs/msg/_package.lisp, /home/hri/catkin_ws/devel/share/common-lisp/ros/mhri_msgs/msg/_package.lisp)
Linked: (/home/hri/catkin_ws/devel/.private/mhri_msgs/share/common-lisp/ros/mhri_msgs/msg/_package_RenderItemActionFeedback.lisp, /home/hri/catkin_ws/devel/share/common-lisp/ros/mhri_msgs/msg/_package_RenderItemActionFeedback.lisp)
Linked: (/home/hri/catkin_ws/devel/.private/mhri_msgs/share/common-lisp/ros/mhri_msgs/msg/_package_LogItem.lisp, /home/hri/catkin_ws/devel/share/common-lisp/ros/mhri_msgs/msg/_package_LogItem.lisp)
Linked: (/home/hri/catkin_ws/devel/.private/mhri_msgs/share/common-lisp/ros/mhri_msgs/msg/GazeCommand.lisp, /home/hri/catkin_ws/devel/share/common-lisp/ros/mhri_msgs/msg/GazeCommand.lisp)
Linked: (/home/hri/catkin_ws/devel/.private/mhri_msgs/share/common-lisp/ros/mhri_msgs/msg/LogItem.lisp, /home/hri/catkin_ws/devel/share/common-lisp/ros/mhri_msgs/msg/LogItem.lisp)
Linked: (/home/hri/catkin_ws/devel/.private/mhri_msgs/share/common-lisp/ros/mhri_msgs/msg/RenderItemActionFeedback.lisp, /home/hri/catkin_ws/devel/share/common-lisp/ros/mhri_msgs/msg/RenderItemActionFeedback.lisp)
Linked: (/home/hri/catkin_ws/devel/.private/mhri_msgs/share/common-lisp/ros/mhri_msgs/msg/_package_RenderItemAction.lisp, /home/hri/catkin_ws/devel/share/common-lisp/ros/mhri_msgs/msg/_package_RenderItemAction.lisp)
Linked: (/home/hri/catkin_ws/devel/.private/mhri_msgs/share/common-lisp/ros/mhri_msgs/msg/WaitEventActionGoal.lisp, /home/hri/catkin_ws/devel/share/common-lisp/ros/mhri_msgs/msg/WaitEventActionGoal.lisp)
Linked: (/home/hri/catkin_ws/devel/.private/mhri_msgs/share/common-lisp/ros/mhri_msgs/msg/RenderSceneAction.lisp, /home/hri/catkin_ws/devel/share/common-lisp/ros/mhri_msgs/msg/RenderSceneAction.lisp)
Linked: (/home/hri/catkin_ws/devel/.private/mhri_msgs/share/common-lisp/ros/mhri_msgs/msg/RenderSceneActionResult.lisp, /home/hri/catkin_ws/devel/share/common-lisp/ros/mhri_msgs/msg/RenderSceneActionResult.lisp)
Linked: (/home/hri/catkin_ws/devel/.private/mhri_msgs/share/common-lisp/ros/mhri_msgs/msg/_package_Reply.lisp, /home/hri/catkin_ws/devel/share/common-lisp/ros/mhri_msgs/msg/_package_Reply.lisp)
Linked: (/home/hri/catkin_ws/devel/.private/mhri_msgs/share/common-lisp/ros/mhri_msgs/msg/_package_WaitEventActionGoal.lisp, /home/hri/catkin_ws/devel/share/common-lisp/ros/mhri_msgs/msg/_package_WaitEventActionGoal.lisp)
Linked: (/home/hri/catkin_ws/devel/.private/mhri_msgs/share/common-lisp/ros/mhri_msgs/msg/_package_WaitEventActionFeedback.lisp, /home/hri/catkin_ws/devel/share/common-lisp/ros/mhri_msgs/msg/_package_WaitEventActionFeedback.lisp)
Linked: (/home/hri/catkin_ws/devel/.private/mhri_msgs/share/common-lisp/ros/mhri_msgs/msg/WaitEventResult.lisp, /home/hri/catkin_ws/devel/share/common-lisp/ros/mhri_msgs/msg/WaitEventResult.lisp)
Linked: (/home/hri/catkin_ws/devel/.private/mhri_msgs/share/common-lisp/ros/mhri_msgs/msg/RaisingEvents.lisp, /home/hri/catkin_ws/devel/share/common-lisp/ros/mhri_msgs/msg/RaisingEvents.lisp)
Linked: (/home/hri/catkin_ws/devel/.private/mhri_msgs/share/common-lisp/ros/mhri_msgs/msg/RenderItemGoal.lisp, /home/hri/catkin_ws/devel/share/common-lisp/ros/mhri_msgs/msg/RenderItemGoal.lisp)
Linked: (/home/hri/catkin_ws/devel/.private/mhri_msgs/share/common-lisp/ros/mhri_msgs/msg/_package_RenderSceneAction.lisp, /home/hri/catkin_ws/devel/share/common-lisp/ros/mhri_msgs/msg/_package_RenderSceneAction.lisp)
Linked: (/home/hri/catkin_ws/devel/.private/mhri_msgs/share/common-lisp/ros/mhri_msgs/msg/RenderItemActionResult.lisp, /home/hri/catkin_ws/devel/share/common-lisp/ros/mhri_msgs/msg/RenderItemActionResult.lisp)
Linked: (/home/hri/catkin_ws/devel/.private/mhri_msgs/share/common-lisp/ros/mhri_msgs/msg/WaitEventActionResult.lisp, /home/hri/catkin_ws/devel/share/common-lisp/ros/mhri_msgs/msg/WaitEventActionResult.lisp)
Linked: (/home/hri/catkin_ws/devel/.private/mhri_msgs/share/common-lisp/ros/mhri_msgs/msg/_package_RenderSceneActionGoal.lisp, /home/hri/catkin_ws/devel/share/common-lisp/ros/mhri_msgs/msg/_package_RenderSceneActionGoal.lisp)
Linked: (/home/hri/catkin_ws/devel/.private/mhri_msgs/share/common-lisp/ros/mhri_msgs/msg/RenderSceneGoal.lisp, /home/hri/catkin_ws/devel/share/common-lisp/ros/mhri_msgs/msg/RenderSceneGoal.lisp)
Linked: (/home/hri/catkin_ws/devel/.private/mhri_msgs/share/common-lisp/ros/mhri_msgs/msg/_package_WaitEventGoal.lisp, /home/hri/catkin_ws/devel/share/common-lisp/ros/mhri_msgs/msg/_package_WaitEventGoal.lisp)
Linked: (/home/hri/catkin_ws/devel/.private/mhri_msgs/share/common-lisp/ros/mhri_msgs/msg/_package_RenderItemFeedback.lisp, /home/hri/catkin_ws/devel/share/common-lisp/ros/mhri_msgs/msg/_package_RenderItemFeedback.lisp)
Linked: (/home/hri/catkin_ws/devel/.private/mhri_msgs/share/common-lisp/ros/mhri_msgs/msg/_package_ForwardingEvent.lisp, /home/hri/catkin_ws/devel/share/common-lisp/ros/mhri_msgs/msg/_package_ForwardingEvent.lisp)
Linked: (/home/hri/catkin_ws/devel/.private/mhri_msgs/share/common-lisp/ros/mhri_msgs/msg/WaitEventAction.lisp, /home/hri/catkin_ws/devel/share/common-lisp/ros/mhri_msgs/msg/WaitEventAction.lisp)
Linked: (/home/hri/catkin_ws/devel/.private/mhri_msgs/share/mhri_msgs/msg/RenderSceneActionResult.msg, /home/hri/catkin_ws/devel/share/mhri_msgs/msg/RenderSceneActionResult.msg)
Linked: (/home/hri/catkin_ws/devel/.private/mhri_msgs/share/mhri_msgs/msg/RenderItemActionResult.msg, /home/hri/catkin_ws/devel/share/mhri_msgs/msg/RenderItemActionResult.msg)
Linked: (/home/hri/catkin_ws/devel/.private/mhri_msgs/share/mhri_msgs/msg/WaitEventGoal.msg, /home/hri/catkin_ws/devel/share/mhri_msgs/msg/WaitEventGoal.msg)
Linked: (/home/hri/catkin_ws/devel/.private/mhri_msgs/share/mhri_msgs/msg/WaitEventActionResult.msg, /home/hri/catkin_ws/devel/share/mhri_msgs/msg/WaitEventActionResult.msg)
Linked: (/home/hri/catkin_ws/devel/.private/mhri_msgs/share/mhri_msgs/msg/RenderItemFeedback.msg, /home/hri/catkin_ws/devel/share/mhri_msgs/msg/RenderItemFeedback.msg)
Linked: (/home/hri/catkin_ws/devel/.private/mhri_msgs/share/mhri_msgs/msg/RenderSceneActionFeedback.msg, /home/hri/catkin_ws/devel/share/mhri_msgs/msg/RenderSceneActionFeedback.msg)
Linked: (/home/hri/catkin_ws/devel/.private/mhri_msgs/share/mhri_msgs/msg/WaitEventAction.msg, /home/hri/catkin_ws/devel/share/mhri_msgs/msg/WaitEventAction.msg)
Linked: (/home/hri/catkin_ws/devel/.private/mhri_msgs/share/mhri_msgs/msg/RenderSceneFeedback.msg, /home/hri/catkin_ws/devel/share/mhri_msgs/msg/RenderSceneFeedback.msg)
Linked: (/home/hri/catkin_ws/devel/.private/mhri_msgs/share/mhri_msgs/msg/RenderItemAction.msg, /home/hri/catkin_ws/devel/share/mhri_msgs/msg/RenderItemAction.msg)
Linked: (/home/hri/catkin_ws/devel/.private/mhri_msgs/share/mhri_msgs/msg/RenderItemActionGoal.msg, /home/hri/catkin_ws/devel/share/mhri_msgs/msg/RenderItemActionGoal.msg)
Linked: (/home/hri/catkin_ws/devel/.private/mhri_msgs/share/mhri_msgs/msg/RenderItemResult.msg, /home/hri/catkin_ws/devel/share/mhri_msgs/msg/RenderItemResult.msg)
Linked: (/home/hri/catkin_ws/devel/.private/mhri_msgs/share/mhri_msgs/msg/RenderSceneGoal.msg, /home/hri/catkin_ws/devel/share/mhri_msgs/msg/RenderSceneGoal.msg)
Linked: (/home/hri/catkin_ws/devel/.private/mhri_msgs/share/mhri_msgs/msg/WaitEventActionFeedback.msg, /home/hri/catkin_ws/devel/share/mhri_msgs/msg/WaitEventActionFeedback.msg)
Linked: (/home/hri/catkin_ws/devel/.private/mhri_msgs/share/mhri_msgs/msg/RenderItemGoal.msg, /home/hri/catkin_ws/devel/share/mhri_msgs/msg/RenderItemGoal.msg)
Linked: (/home/hri/catkin_ws/devel/.private/mhri_msgs/share/mhri_msgs/msg/RenderItemActionFeedback.msg, /home/hri/catkin_ws/devel/share/mhri_msgs/msg/RenderItemActionFeedback.msg)
Linked: (/home/hri/catkin_ws/devel/.private/mhri_msgs/share/mhri_msgs/msg/RenderSceneResult.msg, /home/hri/catkin_ws/devel/share/mhri_msgs/msg/RenderSceneResult.msg)
Linked: (/home/hri/catkin_ws/devel/.private/mhri_msgs/share/mhri_msgs/msg/RenderSceneAction.msg, /home/hri/catkin_ws/devel/share/mhri_msgs/msg/RenderSceneAction.msg)
Linked: (/home/hri/catkin_ws/devel/.private/mhri_msgs/share/mhri_msgs/msg/WaitEventFeedback.msg, /home/hri/catkin_ws/devel/share/mhri_msgs/msg/WaitEventFeedback.msg)
Linked: (/home/hri/catkin_ws/devel/.private/mhri_msgs/share/mhri_msgs/msg/RenderSceneActionGoal.msg, /home/hri/catkin_ws/devel/share/mhri_msgs/msg/RenderSceneActionGoal.msg)
Linked: (/home/hri/catkin_ws/devel/.private/mhri_msgs/share/mhri_msgs/msg/WaitEventActionGoal.msg, /home/hri/catkin_ws/devel/share/mhri_msgs/msg/WaitEventActionGoal.msg)
Linked: (/home/hri/catkin_ws/devel/.private/mhri_msgs/share/mhri_msgs/msg/WaitEventResult.msg, /home/hri/catkin_ws/devel/share/mhri_msgs/msg/WaitEventResult.msg)
Linked: (/home/hri/catkin_ws/devel/.private/mhri_msgs/share/mhri_msgs/cmake/mhri_msgsConfig.cmake, /home/hri/catkin_ws/devel/share/mhri_msgs/cmake/mhri_msgsConfig.cmake)
Linked: (/home/hri/catkin_ws/devel/.private/mhri_msgs/share/mhri_msgs/cmake/mhri_msgs-msg-paths.cmake, /home/hri/catkin_ws/devel/share/mhri_msgs/cmake/mhri_msgs-msg-paths.cmake)
Linked: (/home/hri/catkin_ws/devel/.private/mhri_msgs/share/mhri_msgs/cmake/mhri_msgs-msg-extras.cmake, /home/hri/catkin_ws/devel/share/mhri_msgs/cmake/mhri_msgs-msg-extras.cmake)
Linked: (/home/hri/catkin_ws/devel/.private/mhri_msgs/share/mhri_msgs/cmake/mhri_msgsConfig-version.cmake, /home/hri/catkin_ws/devel/share/mhri_msgs/cmake/mhri_msgsConfig-version.cmake)
