[  0%] Built target _mhri_msgs_generate_messages_check_deps_RenderSceneActionResult
[  0%] Built target _mhri_msgs_generate_messages_check_deps_ScriptStatus
[  0%] Built target _mhri_msgs_generate_messages_check_deps_RenderItemResult
[  0%] Built target _mhri_msgs_generate_messages_check_deps_WaitEventActionGoal
[  0%] Built target _mhri_msgs_generate_messages_check_deps_GetDataList
[  0%] Built target _mhri_msgs_generate_messages_check_deps_WaitEventFeedback
[  0%] Built target _mhri_msgs_generate_messages_check_deps_RenderItemGoal
[  0%] Built target _mhri_msgs_generate_messages_check_deps_GetInstalledGestures
[  0%] Built target _mhri_msgs_generate_messages_check_deps_Reply
[  0%] Built target geometry_msgs_generate_messages_lisp
[  0%] Built target _mhri_msgs_generate_messages_check_deps_RenderItemActionGoal
[  0%] Built target _mhri_msgs_generate_messages_check_deps_WaitEventAction
[  0%] Built target _mhri_msgs_generate_messages_check_deps_WaitEventActionResult
[  0%] Built target _mhri_msgs_generate_messages_check_deps_RenderItemActionResult
[  0%] Built target _mhri_msgs_generate_messages_check_deps_WaitEventGoal
[  0%] Built target _mhri_msgs_generate_messages_check_deps_RenderSceneActionGoal
[  0%] Built target _mhri_msgs_generate_messages_check_deps_RenderSceneResult
[  0%] Built target _mhri_msgs_generate_messages_check_deps_RenderItemActionFeedback
[  0%] Built target actionlib_msgs_generate_messages_lisp
[  0%] Built target _mhri_msgs_generate_messages_check_deps_GazeCommand
[  0%] Built target _mhri_msgs_generate_messages_check_deps_ReloadWithResult
[  0%] Built target _mhri_msgs_generate_messages_check_deps_RenderSceneAction
[  0%] Built target _mhri_msgs_generate_messages_check_deps_RenderSceneFeedback
[  0%] Built target _mhri_msgs_generate_messages_check_deps_ForwardingEvent
[  0%] Built target _mhri_msgs_generate_messages_check_deps_RenderSceneGoal
[  0%] Built target _mhri_msgs_generate_messages_check_deps_WriteData
[  0%] Built target _mhri_msgs_generate_messages_check_deps_WaitEventActionFeedback
[  0%] Built target _mhri_msgs_generate_messages_check_deps_RenderItemFeedback
[  0%] Built target std_msgs_generate_messages_lisp
[  0%] Built target _mhri_msgs_generate_messages_check_deps_RegisterData
[  0%] Built target _mhri_msgs_generate_messages_check_deps_WaitEventResult
[  0%] Built target _mhri_msgs_generate_messages_check_deps_LogItem
[  0%] Built target _mhri_msgs_generate_messages_check_deps_RaisingEvents
[  0%] Built target actionlib_msgs_generate_messages_py
[  0%] Built target _mhri_msgs_generate_messages_check_deps_RenderSceneActionFeedback
[  0%] Built target _mhri_msgs_generate_messages_check_deps_RenderItemAction
[  0%] Built target std_msgs_generate_messages_py
[  0%] Built target geometry_msgs_generate_messages_py
[  0%] Built target _mhri_msgs_generate_messages_check_deps_ReadData
[  0%] Built target actionlib_msgs_generate_messages_eus
[  0%] Built target std_msgs_generate_messages_eus
[  0%] Built target actionlib_msgs_generate_messages_cpp
[  0%] Built target geometry_msgs_generate_messages_eus
[  0%] Built target std_msgs_generate_messages_cpp
[  0%] Built target geometry_msgs_generate_messages_nodejs
[  0%] Built target geometry_msgs_generate_messages_cpp
[  0%] Built target actionlib_msgs_generate_messages_nodejs
[  0%] Built target std_msgs_generate_messages_nodejs
[  1%] [34m[1mGenerating Python from MSG mhri_msgs/GazeCommand[0m
[  2%] [34m[1mGenerating EusLisp code from mhri_msgs/GazeCommand.msg[0m
[  3%] [34m[1mGenerating Lisp code from mhri_msgs/GazeCommand.msg[0m
[  4%] [34m[1mGenerating C++ code from mhri_msgs/GazeCommand.msg[0m
[ 22%] Built target mhri_msgs_generate_messages_lisp
[ 41%] Built target mhri_msgs_generate_messages_eus
[ 42%] [34m[1mGenerating Javascript code from mhri_msgs/GazeCommand.msg[0m
[ 43%] [34m[1mGenerating Python srv __init__.py for mhri_msgs[0m
[ 44%] [34m[1mGenerating Python msg __init__.py for mhri_msgs[0m
[ 63%] Built target mhri_msgs_generate_messages_cpp
[ 81%] Built target mhri_msgs_generate_messages_nodejs
[100%] Built target mhri_msgs_generate_messages_py
[100%] Built target mhri_msgs_generate_messages
