[  0%] Built target _mhri_msgs_generate_messages_check_deps_ScriptStatus
[  0%] Built target _mhri_msgs_generate_messages_check_deps_RenderSceneActionResult
[  0%] Built target _mhri_msgs_generate_messages_check_deps_RenderItemResult
[  0%] Built target _mhri_msgs_generate_messages_check_deps_WaitEventActionGoal
[  0%] Built target _mhri_msgs_generate_messages_check_deps_GetDataList
[  0%] Built target _mhri_msgs_generate_messages_check_deps_WaitEventFeedback
[  0%] Built target _mhri_msgs_generate_messages_check_deps_RenderItemGoal
[  0%] Built target _mhri_msgs_generate_messages_check_deps_GetInstalledGestures
[  0%] Built target geometry_msgs_generate_messages_lisp
[  0%] Built target _mhri_msgs_generate_messages_check_deps_Reply
[  0%] Built target _mhri_msgs_generate_messages_check_deps_RenderItemActionGoal
[  0%] Built target _mhri_msgs_generate_messages_check_deps_WaitEventAction
[  0%] Built target _mhri_msgs_generate_messages_check_deps_WaitEventActionResult
[  0%] Built target _mhri_msgs_generate_messages_check_deps_RenderItemActionResult
[  0%] Built target _mhri_msgs_generate_messages_check_deps_WaitEventGoal
[  0%] Built target _mhri_msgs_generate_messages_check_deps_RenderSceneActionGoal
[  0%] Built target _mhri_msgs_generate_messages_check_deps_RenderSceneResult
[  0%] Built target _mhri_msgs_generate_messages_check_deps_RenderItemActionFeedback
[  0%] Built target _mhri_msgs_generate_messages_check_deps_GazeCommand
[  0%] Built target actionlib_msgs_generate_messages_lisp
[  0%] Built target _mhri_msgs_generate_messages_check_deps_ReloadWithResult
[  0%] Built target _mhri_msgs_generate_messages_check_deps_RenderSceneAction
[  0%] Built target _mhri_msgs_generate_messages_check_deps_RenderSceneFeedback
[  0%] Built target _mhri_msgs_generate_messages_check_deps_ForwardingEvent
[  0%] Built target _mhri_msgs_generate_messages_check_deps_RenderSceneGoal
[  0%] Built target _mhri_msgs_generate_messages_check_deps_WriteData
[  0%] Built target _mhri_msgs_generate_messages_check_deps_WaitEventActionFeedback
[  0%] Built target _mhri_msgs_generate_messages_check_deps_RenderItemFeedback
[  0%] Built target _mhri_msgs_generate_messages_check_deps_RegisterData
[  0%] Built target std_msgs_generate_messages_lisp
[  0%] Built target _mhri_msgs_generate_messages_check_deps_LogItem
[  0%] Built target _mhri_msgs_generate_messages_check_deps_WaitEventResult
[  0%] Built target _mhri_msgs_generate_messages_check_deps_RaisingEvents
[  0%] Built target _mhri_msgs_generate_messages_check_deps_RenderItemAction
[  0%] Built target _mhri_msgs_generate_messages_check_deps_ReadData
[  0%] Built target _mhri_msgs_generate_messages_check_deps_RenderSceneActionFeedback
[  0%] Built target actionlib_msgs_generate_messages_py
[  0%] Built target std_msgs_generate_messages_py
[  0%] Built target geometry_msgs_generate_messages_py
[  0%] Built target geometry_msgs_generate_messages_eus
[  0%] Built target actionlib_msgs_generate_messages_eus
[  0%] Built target std_msgs_generate_messages_eus
[  0%] Built target actionlib_msgs_generate_messages_cpp
[  0%] Built target std_msgs_generate_messages_cpp
[  0%] Built target geometry_msgs_generate_messages_nodejs
[  0%] Built target geometry_msgs_generate_messages_cpp
[  0%] Built target actionlib_msgs_generate_messages_nodejs
[  0%] Built target std_msgs_generate_messages_nodejs
[ 19%] Built target mhri_msgs_generate_messages_lisp
[ 61%] Built target mhri_msgs_generate_messages_py
[ 61%] Built target mhri_msgs_generate_messages_eus
[ 80%] Built target mhri_msgs_generate_messages_cpp
[100%] Built target mhri_msgs_generate_messages_nodejs
[100%] Built target mhri_msgs_generate_messages
