[  0%] Built target _calibration_msgs_generate_messages_check_deps_CheckerboardExtractionResult
[  0%] Built target _calibration_msgs_generate_messages_check_deps_Checkerboard
[  0%] Built target _calibration_msgs_generate_messages_check_deps_Point2DArray
[  0%] Built target _calibration_msgs_generate_messages_check_deps_Point2D
[  0%] Built target actionlib_msgs_generate_messages_cpp
[  0%] Built target sensor_msgs_generate_messages_cpp
[  0%] Built target _calibration_msgs_generate_messages_check_deps_CheckerboardExtractionActionResult
[  0%] Built target _calibration_msgs_generate_messages_check_deps_Polynomial
[  0%] Built target _calibration_msgs_generate_messages_check_deps_CheckerboardExtractionActionFeedback
[  0%] Built target _calibration_msgs_generate_messages_check_deps_CheckerboardExtractionActionGoal
[  0%] Built target _calibration_msgs_generate_messages_check_deps_CheckerboardExtractionGoal
[  0%] Built target _calibration_msgs_generate_messages_check_deps_CheckerboardExtractionAction
[  0%] Built target _calibration_msgs_generate_messages_check_deps_GetDeviceInfo
[  0%] Built target _calibration_msgs_generate_messages_check_deps_CalibrationPose
[  0%] Built target _calibration_msgs_generate_messages_check_deps_PointArray
[  0%] Built target _calibration_msgs_generate_messages_check_deps_GetCalibrationResults
[  0%] Built target actionlib_msgs_generate_messages_py
[  0%] Built target sensor_msgs_generate_messages_py
[  0%] Built target _calibration_msgs_generate_messages_check_deps_CheckerboardExtractionFeedback
[  0%] Built target actionlib_msgs_generate_messages_nodejs
[  0%] Built target sensor_msgs_generate_messages_nodejs
[  0%] Built target sensor_msgs_generate_messages_lisp
[  0%] Built target actionlib_msgs_generate_messages_lisp
[  0%] Built target actionlib_msgs_generate_messages_eus
[  0%] Built target sensor_msgs_generate_messages_eus
[ 18%] Built target calibration_msgs_generate_messages_cpp
[ 56%] Built target calibration_msgs_generate_messages_nodejs
[ 58%] Built target calibration_msgs_generate_messages_py
[ 77%] Built target calibration_msgs_generate_messages_lisp
[ 97%] Built target calibration_msgs_generate_messages_eus
[100%] Built target calibration_msgs
[100%] Built target calibration_msgs_generate_messages
