Linked: (/home/hri/catkin_ws/devel/.private/calibration_msgs/lib/libcalibration_msgs.so, /home/hri/catkin_ws/devel/lib/libcalibration_msgs.so)
Linked: (/home/hri/catkin_ws/devel/.private/calibration_msgs/lib/python2.7/dist-packages/calibration_msgs/__init__.py, /home/hri/catkin_ws/devel/lib/python2.7/dist-packages/calibration_msgs/__init__.py)
Linked: (/home/hri/catkin_ws/devel/.private/calibration_msgs/lib/python2.7/dist-packages/calibration_msgs/srv/_GetCalibrationResults.py, /home/hri/catkin_ws/devel/lib/python2.7/dist-packages/calibration_msgs/srv/_GetCalibrationResults.py)
Linked: (/home/hri/catkin_ws/devel/.private/calibration_msgs/lib/python2.7/dist-packages/calibration_msgs/srv/__init__.py, /home/hri/catkin_ws/devel/lib/python2.7/dist-packages/calibration_msgs/srv/__init__.py)
Linked: (/home/hri/catkin_ws/devel/.private/calibration_msgs/lib/python2.7/dist-packages/calibration_msgs/srv/_GetDeviceInfo.py, /home/hri/catkin_ws/devel/lib/python2.7/dist-packages/calibration_msgs/srv/_GetDeviceInfo.py)
Linked: (/home/hri/catkin_ws/devel/.private/calibration_msgs/lib/python2.7/dist-packages/calibration_msgs/msg/_PointArray.py, /home/hri/catkin_ws/devel/lib/python2.7/dist-packages/calibration_msgs/msg/_PointArray.py)
Linked: (/home/hri/catkin_ws/devel/.private/calibration_msgs/lib/python2.7/dist-packages/calibration_msgs/msg/_Point2D.py, /home/hri/catkin_ws/devel/lib/python2.7/dist-packages/calibration_msgs/msg/_Point2D.py)
Linked: (/home/hri/catkin_ws/devel/.private/calibration_msgs/lib/python2.7/dist-packages/calibration_msgs/msg/_CheckerboardExtractionGoal.py, /home/hri/catkin_ws/devel/lib/python2.7/dist-packages/calibration_msgs/msg/_CheckerboardExtractionGoal.py)
Linked: (/home/hri/catkin_ws/devel/.private/calibration_msgs/lib/python2.7/dist-packages/calibration_msgs/msg/_CheckerboardExtractionActionFeedback.py, /home/hri/catkin_ws/devel/lib/python2.7/dist-packages/calibration_msgs/msg/_CheckerboardExtractionActionFeedback.py)
Linked: (/home/hri/catkin_ws/devel/.private/calibration_msgs/lib/python2.7/dist-packages/calibration_msgs/msg/_CheckerboardExtractionActionResult.py, /home/hri/catkin_ws/devel/lib/python2.7/dist-packages/calibration_msgs/msg/_CheckerboardExtractionActionResult.py)
Linked: (/home/hri/catkin_ws/devel/.private/calibration_msgs/lib/python2.7/dist-packages/calibration_msgs/msg/_CheckerboardExtractionActionGoal.py, /home/hri/catkin_ws/devel/lib/python2.7/dist-packages/calibration_msgs/msg/_CheckerboardExtractionActionGoal.py)
Linked: (/home/hri/catkin_ws/devel/.private/calibration_msgs/lib/python2.7/dist-packages/calibration_msgs/msg/_Polynomial.py, /home/hri/catkin_ws/devel/lib/python2.7/dist-packages/calibration_msgs/msg/_Polynomial.py)
Linked: (/home/hri/catkin_ws/devel/.private/calibration_msgs/lib/python2.7/dist-packages/calibration_msgs/msg/_Point2DArray.py, /home/hri/catkin_ws/devel/lib/python2.7/dist-packages/calibration_msgs/msg/_Point2DArray.py)
Linked: (/home/hri/catkin_ws/devel/.private/calibration_msgs/lib/python2.7/dist-packages/calibration_msgs/msg/_CheckerboardExtractionFeedback.py, /home/hri/catkin_ws/devel/lib/python2.7/dist-packages/calibration_msgs/msg/_CheckerboardExtractionFeedback.py)
Linked: (/home/hri/catkin_ws/devel/.private/calibration_msgs/lib/python2.7/dist-packages/calibration_msgs/msg/__init__.py, /home/hri/catkin_ws/devel/lib/python2.7/dist-packages/calibration_msgs/msg/__init__.py)
Linked: (/home/hri/catkin_ws/devel/.private/calibration_msgs/lib/python2.7/dist-packages/calibration_msgs/msg/_Checkerboard.py, /home/hri/catkin_ws/devel/lib/python2.7/dist-packages/calibration_msgs/msg/_Checkerboard.py)
Linked: (/home/hri/catkin_ws/devel/.private/calibration_msgs/lib/python2.7/dist-packages/calibration_msgs/msg/_CalibrationPose.py, /home/hri/catkin_ws/devel/lib/python2.7/dist-packages/calibration_msgs/msg/_CalibrationPose.py)
Linked: (/home/hri/catkin_ws/devel/.private/calibration_msgs/lib/python2.7/dist-packages/calibration_msgs/msg/_CheckerboardExtractionAction.py, /home/hri/catkin_ws/devel/lib/python2.7/dist-packages/calibration_msgs/msg/_CheckerboardExtractionAction.py)
Linked: (/home/hri/catkin_ws/devel/.private/calibration_msgs/lib/python2.7/dist-packages/calibration_msgs/msg/_CheckerboardExtractionResult.py, /home/hri/catkin_ws/devel/lib/python2.7/dist-packages/calibration_msgs/msg/_CheckerboardExtractionResult.py)
Linked: (/home/hri/catkin_ws/devel/.private/calibration_msgs/lib/pkgconfig/calibration_msgs.pc, /home/hri/catkin_ws/devel/lib/pkgconfig/calibration_msgs.pc)
Linked: (/home/hri/catkin_ws/devel/.private/calibration_msgs/include/calibration_msgs/GetDeviceInfoRequest.h, /home/hri/catkin_ws/devel/include/calibration_msgs/GetDeviceInfoRequest.h)
Linked: (/home/hri/catkin_ws/devel/.private/calibration_msgs/include/calibration_msgs/GetDeviceInfoResponse.h, /home/hri/catkin_ws/devel/include/calibration_msgs/GetDeviceInfoResponse.h)
Linked: (/home/hri/catkin_ws/devel/.private/calibration_msgs/include/calibration_msgs/CheckerboardExtractionActionFeedback.h, /home/hri/catkin_ws/devel/include/calibration_msgs/CheckerboardExtractionActionFeedback.h)
Linked: (/home/hri/catkin_ws/devel/.private/calibration_msgs/include/calibration_msgs/CheckerboardExtractionResult.h, /home/hri/catkin_ws/devel/include/calibration_msgs/CheckerboardExtractionResult.h)
Linked: (/home/hri/catkin_ws/devel/.private/calibration_msgs/include/calibration_msgs/PointArray.h, /home/hri/catkin_ws/devel/include/calibration_msgs/PointArray.h)
Linked: (/home/hri/catkin_ws/devel/.private/calibration_msgs/include/calibration_msgs/GetCalibrationResults.h, /home/hri/catkin_ws/devel/include/calibration_msgs/GetCalibrationResults.h)
Linked: (/home/hri/catkin_ws/devel/.private/calibration_msgs/include/calibration_msgs/GetCalibrationResultsResponse.h, /home/hri/catkin_ws/devel/include/calibration_msgs/GetCalibrationResultsResponse.h)
Linked: (/home/hri/catkin_ws/devel/.private/calibration_msgs/include/calibration_msgs/CalibrationPose.h, /home/hri/catkin_ws/devel/include/calibration_msgs/CalibrationPose.h)
Linked: (/home/hri/catkin_ws/devel/.private/calibration_msgs/include/calibration_msgs/Polynomial.h, /home/hri/catkin_ws/devel/include/calibration_msgs/Polynomial.h)
Linked: (/home/hri/catkin_ws/devel/.private/calibration_msgs/include/calibration_msgs/GetDeviceInfo.h, /home/hri/catkin_ws/devel/include/calibration_msgs/GetDeviceInfo.h)
Linked: (/home/hri/catkin_ws/devel/.private/calibration_msgs/include/calibration_msgs/Checkerboard.h, /home/hri/catkin_ws/devel/include/calibration_msgs/Checkerboard.h)
Linked: (/home/hri/catkin_ws/devel/.private/calibration_msgs/include/calibration_msgs/GetCalibrationResultsRequest.h, /home/hri/catkin_ws/devel/include/calibration_msgs/GetCalibrationResultsRequest.h)
Linked: (/home/hri/catkin_ws/devel/.private/calibration_msgs/include/calibration_msgs/CheckerboardExtractionAction.h, /home/hri/catkin_ws/devel/include/calibration_msgs/CheckerboardExtractionAction.h)
Linked: (/home/hri/catkin_ws/devel/.private/calibration_msgs/include/calibration_msgs/Point2DArray.h, /home/hri/catkin_ws/devel/include/calibration_msgs/Point2DArray.h)
Linked: (/home/hri/catkin_ws/devel/.private/calibration_msgs/include/calibration_msgs/CheckerboardExtractionActionResult.h, /home/hri/catkin_ws/devel/include/calibration_msgs/CheckerboardExtractionActionResult.h)
Linked: (/home/hri/catkin_ws/devel/.private/calibration_msgs/include/calibration_msgs/CheckerboardExtractionFeedback.h, /home/hri/catkin_ws/devel/include/calibration_msgs/CheckerboardExtractionFeedback.h)
Linked: (/home/hri/catkin_ws/devel/.private/calibration_msgs/include/calibration_msgs/CheckerboardExtractionGoal.h, /home/hri/catkin_ws/devel/include/calibration_msgs/CheckerboardExtractionGoal.h)
Linked: (/home/hri/catkin_ws/devel/.private/calibration_msgs/include/calibration_msgs/Point2D.h, /home/hri/catkin_ws/devel/include/calibration_msgs/Point2D.h)
Linked: (/home/hri/catkin_ws/devel/.private/calibration_msgs/include/calibration_msgs/CheckerboardExtractionActionGoal.h, /home/hri/catkin_ws/devel/include/calibration_msgs/CheckerboardExtractionActionGoal.h)
Linked: (/home/hri/catkin_ws/devel/.private/calibration_msgs/share/gennodejs/ros/calibration_msgs/_index.js, /home/hri/catkin_ws/devel/share/gennodejs/ros/calibration_msgs/_index.js)
Linked: (/home/hri/catkin_ws/devel/.private/calibration_msgs/share/gennodejs/ros/calibration_msgs/srv/GetCalibrationResults.js, /home/hri/catkin_ws/devel/share/gennodejs/ros/calibration_msgs/srv/GetCalibrationResults.js)
Linked: (/home/hri/catkin_ws/devel/.private/calibration_msgs/share/gennodejs/ros/calibration_msgs/srv/GetDeviceInfo.js, /home/hri/catkin_ws/devel/share/gennodejs/ros/calibration_msgs/srv/GetDeviceInfo.js)
Linked: (/home/hri/catkin_ws/devel/.private/calibration_msgs/share/gennodejs/ros/calibration_msgs/srv/_index.js, /home/hri/catkin_ws/devel/share/gennodejs/ros/calibration_msgs/srv/_index.js)
Linked: (/home/hri/catkin_ws/devel/.private/calibration_msgs/share/gennodejs/ros/calibration_msgs/msg/CheckerboardExtractionActionFeedback.js, /home/hri/catkin_ws/devel/share/gennodejs/ros/calibration_msgs/msg/CheckerboardExtractionActionFeedback.js)
Linked: (/home/hri/catkin_ws/devel/.private/calibration_msgs/share/gennodejs/ros/calibration_msgs/msg/CalibrationPose.js, /home/hri/catkin_ws/devel/share/gennodejs/ros/calibration_msgs/msg/CalibrationPose.js)
Linked: (/home/hri/catkin_ws/devel/.private/calibration_msgs/share/gennodejs/ros/calibration_msgs/msg/CheckerboardExtractionResult.js, /home/hri/catkin_ws/devel/share/gennodejs/ros/calibration_msgs/msg/CheckerboardExtractionResult.js)
Linked: (/home/hri/catkin_ws/devel/.private/calibration_msgs/share/gennodejs/ros/calibration_msgs/msg/PointArray.js, /home/hri/catkin_ws/devel/share/gennodejs/ros/calibration_msgs/msg/PointArray.js)
Linked: (/home/hri/catkin_ws/devel/.private/calibration_msgs/share/gennodejs/ros/calibration_msgs/msg/Point2DArray.js, /home/hri/catkin_ws/devel/share/gennodejs/ros/calibration_msgs/msg/Point2DArray.js)
Linked: (/home/hri/catkin_ws/devel/.private/calibration_msgs/share/gennodejs/ros/calibration_msgs/msg/Point2D.js, /home/hri/catkin_ws/devel/share/gennodejs/ros/calibration_msgs/msg/Point2D.js)
Linked: (/home/hri/catkin_ws/devel/.private/calibration_msgs/share/gennodejs/ros/calibration_msgs/msg/CheckerboardExtractionGoal.js, /home/hri/catkin_ws/devel/share/gennodejs/ros/calibration_msgs/msg/CheckerboardExtractionGoal.js)
Linked: (/home/hri/catkin_ws/devel/.private/calibration_msgs/share/gennodejs/ros/calibration_msgs/msg/Polynomial.js, /home/hri/catkin_ws/devel/share/gennodejs/ros/calibration_msgs/msg/Polynomial.js)
Linked: (/home/hri/catkin_ws/devel/.private/calibration_msgs/share/gennodejs/ros/calibration_msgs/msg/Checkerboard.js, /home/hri/catkin_ws/devel/share/gennodejs/ros/calibration_msgs/msg/Checkerboard.js)
Linked: (/home/hri/catkin_ws/devel/.private/calibration_msgs/share/gennodejs/ros/calibration_msgs/msg/CheckerboardExtractionAction.js, /home/hri/catkin_ws/devel/share/gennodejs/ros/calibration_msgs/msg/CheckerboardExtractionAction.js)
Linked: (/home/hri/catkin_ws/devel/.private/calibration_msgs/share/gennodejs/ros/calibration_msgs/msg/_index.js, /home/hri/catkin_ws/devel/share/gennodejs/ros/calibration_msgs/msg/_index.js)
Linked: (/home/hri/catkin_ws/devel/.private/calibration_msgs/share/gennodejs/ros/calibration_msgs/msg/CheckerboardExtractionActionGoal.js, /home/hri/catkin_ws/devel/share/gennodejs/ros/calibration_msgs/msg/CheckerboardExtractionActionGoal.js)
Linked: (/home/hri/catkin_ws/devel/.private/calibration_msgs/share/gennodejs/ros/calibration_msgs/msg/CheckerboardExtractionFeedback.js, /home/hri/catkin_ws/devel/share/gennodejs/ros/calibration_msgs/msg/CheckerboardExtractionFeedback.js)
Linked: (/home/hri/catkin_ws/devel/.private/calibration_msgs/share/gennodejs/ros/calibration_msgs/msg/CheckerboardExtractionActionResult.js, /home/hri/catkin_ws/devel/share/gennodejs/ros/calibration_msgs/msg/CheckerboardExtractionActionResult.js)
Linked: (/home/hri/catkin_ws/devel/.private/calibration_msgs/share/roseus/ros/calibration_msgs/manifest.l, /home/hri/catkin_ws/devel/share/roseus/ros/calibration_msgs/manifest.l)
Linked: (/home/hri/catkin_ws/devel/.private/calibration_msgs/share/roseus/ros/calibration_msgs/srv/GetCalibrationResults.l, /home/hri/catkin_ws/devel/share/roseus/ros/calibration_msgs/srv/GetCalibrationResults.l)
Linked: (/home/hri/catkin_ws/devel/.private/calibration_msgs/share/roseus/ros/calibration_msgs/srv/GetDeviceInfo.l, /home/hri/catkin_ws/devel/share/roseus/ros/calibration_msgs/srv/GetDeviceInfo.l)
Linked: (/home/hri/catkin_ws/devel/.private/calibration_msgs/share/roseus/ros/calibration_msgs/msg/CheckerboardExtractionActionGoal.l, /home/hri/catkin_ws/devel/share/roseus/ros/calibration_msgs/msg/CheckerboardExtractionActionGoal.l)
Linked: (/home/hri/catkin_ws/devel/.private/calibration_msgs/share/roseus/ros/calibration_msgs/msg/Point2D.l, /home/hri/catkin_ws/devel/share/roseus/ros/calibration_msgs/msg/Point2D.l)
Linked: (/home/hri/catkin_ws/devel/.private/calibration_msgs/share/roseus/ros/calibration_msgs/msg/CalibrationPose.l, /home/hri/catkin_ws/devel/share/roseus/ros/calibration_msgs/msg/CalibrationPose.l)
Linked: (/home/hri/catkin_ws/devel/.private/calibration_msgs/share/roseus/ros/calibration_msgs/msg/CheckerboardExtractionResult.l, /home/hri/catkin_ws/devel/share/roseus/ros/calibration_msgs/msg/CheckerboardExtractionResult.l)
Linked: (/home/hri/catkin_ws/devel/.private/calibration_msgs/share/roseus/ros/calibration_msgs/msg/CheckerboardExtractionActionResult.l, /home/hri/catkin_ws/devel/share/roseus/ros/calibration_msgs/msg/CheckerboardExtractionActionResult.l)
Linked: (/home/hri/catkin_ws/devel/.private/calibration_msgs/share/roseus/ros/calibration_msgs/msg/PointArray.l, /home/hri/catkin_ws/devel/share/roseus/ros/calibration_msgs/msg/PointArray.l)
Linked: (/home/hri/catkin_ws/devel/.private/calibration_msgs/share/roseus/ros/calibration_msgs/msg/Point2DArray.l, /home/hri/catkin_ws/devel/share/roseus/ros/calibration_msgs/msg/Point2DArray.l)
Linked: (/home/hri/catkin_ws/devel/.private/calibration_msgs/share/roseus/ros/calibration_msgs/msg/CheckerboardExtractionAction.l, /home/hri/catkin_ws/devel/share/roseus/ros/calibration_msgs/msg/CheckerboardExtractionAction.l)
Linked: (/home/hri/catkin_ws/devel/.private/calibration_msgs/share/roseus/ros/calibration_msgs/msg/Checkerboard.l, /home/hri/catkin_ws/devel/share/roseus/ros/calibration_msgs/msg/Checkerboard.l)
Linked: (/home/hri/catkin_ws/devel/.private/calibration_msgs/share/roseus/ros/calibration_msgs/msg/CheckerboardExtractionActionFeedback.l, /home/hri/catkin_ws/devel/share/roseus/ros/calibration_msgs/msg/CheckerboardExtractionActionFeedback.l)
Linked: (/home/hri/catkin_ws/devel/.private/calibration_msgs/share/roseus/ros/calibration_msgs/msg/Polynomial.l, /home/hri/catkin_ws/devel/share/roseus/ros/calibration_msgs/msg/Polynomial.l)
Linked: (/home/hri/catkin_ws/devel/.private/calibration_msgs/share/roseus/ros/calibration_msgs/msg/CheckerboardExtractionGoal.l, /home/hri/catkin_ws/devel/share/roseus/ros/calibration_msgs/msg/CheckerboardExtractionGoal.l)
Linked: (/home/hri/catkin_ws/devel/.private/calibration_msgs/share/roseus/ros/calibration_msgs/msg/CheckerboardExtractionFeedback.l, /home/hri/catkin_ws/devel/share/roseus/ros/calibration_msgs/msg/CheckerboardExtractionFeedback.l)
Linked: (/home/hri/catkin_ws/devel/.private/calibration_msgs/share/common-lisp/ros/calibration_msgs/srv/GetCalibrationResults.lisp, /home/hri/catkin_ws/devel/share/common-lisp/ros/calibration_msgs/srv/GetCalibrationResults.lisp)
Linked: (/home/hri/catkin_ws/devel/.private/calibration_msgs/share/common-lisp/ros/calibration_msgs/srv/_package_GetDeviceInfo.lisp, /home/hri/catkin_ws/devel/share/common-lisp/ros/calibration_msgs/srv/_package_GetDeviceInfo.lisp)
Linked: (/home/hri/catkin_ws/devel/.private/calibration_msgs/share/common-lisp/ros/calibration_msgs/srv/_package_GetCalibrationResults.lisp, /home/hri/catkin_ws/devel/share/common-lisp/ros/calibration_msgs/srv/_package_GetCalibrationResults.lisp)
Linked: (/home/hri/catkin_ws/devel/.private/calibration_msgs/share/common-lisp/ros/calibration_msgs/srv/_package.lisp, /home/hri/catkin_ws/devel/share/common-lisp/ros/calibration_msgs/srv/_package.lisp)
Linked: (/home/hri/catkin_ws/devel/.private/calibration_msgs/share/common-lisp/ros/calibration_msgs/srv/GetDeviceInfo.lisp, /home/hri/catkin_ws/devel/share/common-lisp/ros/calibration_msgs/srv/GetDeviceInfo.lisp)
Linked: (/home/hri/catkin_ws/devel/.private/calibration_msgs/share/common-lisp/ros/calibration_msgs/srv/calibration_msgs-srv.asd, /home/hri/catkin_ws/devel/share/common-lisp/ros/calibration_msgs/srv/calibration_msgs-srv.asd)
Linked: (/home/hri/catkin_ws/devel/.private/calibration_msgs/share/common-lisp/ros/calibration_msgs/msg/_package_Polynomial.lisp, /home/hri/catkin_ws/devel/share/common-lisp/ros/calibration_msgs/msg/_package_Polynomial.lisp)
Linked: (/home/hri/catkin_ws/devel/.private/calibration_msgs/share/common-lisp/ros/calibration_msgs/msg/_package_Point2DArray.lisp, /home/hri/catkin_ws/devel/share/common-lisp/ros/calibration_msgs/msg/_package_Point2DArray.lisp)
Linked: (/home/hri/catkin_ws/devel/.private/calibration_msgs/share/common-lisp/ros/calibration_msgs/msg/_package_PointArray.lisp, /home/hri/catkin_ws/devel/share/common-lisp/ros/calibration_msgs/msg/_package_PointArray.lisp)
Linked: (/home/hri/catkin_ws/devel/.private/calibration_msgs/share/common-lisp/ros/calibration_msgs/msg/CheckerboardExtractionActionResult.lisp, /home/hri/catkin_ws/devel/share/common-lisp/ros/calibration_msgs/msg/CheckerboardExtractionActionResult.lisp)
Linked: (/home/hri/catkin_ws/devel/.private/calibration_msgs/share/common-lisp/ros/calibration_msgs/msg/_package_CalibrationPose.lisp, /home/hri/catkin_ws/devel/share/common-lisp/ros/calibration_msgs/msg/_package_CalibrationPose.lisp)
Linked: (/home/hri/catkin_ws/devel/.private/calibration_msgs/share/common-lisp/ros/calibration_msgs/msg/Polynomial.lisp, /home/hri/catkin_ws/devel/share/common-lisp/ros/calibration_msgs/msg/Polynomial.lisp)
Linked: (/home/hri/catkin_ws/devel/.private/calibration_msgs/share/common-lisp/ros/calibration_msgs/msg/_package_CheckerboardExtractionResult.lisp, /home/hri/catkin_ws/devel/share/common-lisp/ros/calibration_msgs/msg/_package_CheckerboardExtractionResult.lisp)
Linked: (/home/hri/catkin_ws/devel/.private/calibration_msgs/share/common-lisp/ros/calibration_msgs/msg/calibration_msgs-msg.asd, /home/hri/catkin_ws/devel/share/common-lisp/ros/calibration_msgs/msg/calibration_msgs-msg.asd)
Linked: (/home/hri/catkin_ws/devel/.private/calibration_msgs/share/common-lisp/ros/calibration_msgs/msg/_package_Point2D.lisp, /home/hri/catkin_ws/devel/share/common-lisp/ros/calibration_msgs/msg/_package_Point2D.lisp)
Linked: (/home/hri/catkin_ws/devel/.private/calibration_msgs/share/common-lisp/ros/calibration_msgs/msg/_package_CheckerboardExtractionActionGoal.lisp, /home/hri/catkin_ws/devel/share/common-lisp/ros/calibration_msgs/msg/_package_CheckerboardExtractionActionGoal.lisp)
Linked: (/home/hri/catkin_ws/devel/.private/calibration_msgs/share/common-lisp/ros/calibration_msgs/msg/CheckerboardExtractionResult.lisp, /home/hri/catkin_ws/devel/share/common-lisp/ros/calibration_msgs/msg/CheckerboardExtractionResult.lisp)
Linked: (/home/hri/catkin_ws/devel/.private/calibration_msgs/share/common-lisp/ros/calibration_msgs/msg/Checkerboard.lisp, /home/hri/catkin_ws/devel/share/common-lisp/ros/calibration_msgs/msg/Checkerboard.lisp)
Linked: (/home/hri/catkin_ws/devel/.private/calibration_msgs/share/common-lisp/ros/calibration_msgs/msg/CheckerboardExtractionAction.lisp, /home/hri/catkin_ws/devel/share/common-lisp/ros/calibration_msgs/msg/CheckerboardExtractionAction.lisp)
Linked: (/home/hri/catkin_ws/devel/.private/calibration_msgs/share/common-lisp/ros/calibration_msgs/msg/Point2D.lisp, /home/hri/catkin_ws/devel/share/common-lisp/ros/calibration_msgs/msg/Point2D.lisp)
Linked: (/home/hri/catkin_ws/devel/.private/calibration_msgs/share/common-lisp/ros/calibration_msgs/msg/_package_Checkerboard.lisp, /home/hri/catkin_ws/devel/share/common-lisp/ros/calibration_msgs/msg/_package_Checkerboard.lisp)
Linked: (/home/hri/catkin_ws/devel/.private/calibration_msgs/share/common-lisp/ros/calibration_msgs/msg/_package_CheckerboardExtractionFeedback.lisp, /home/hri/catkin_ws/devel/share/common-lisp/ros/calibration_msgs/msg/_package_CheckerboardExtractionFeedback.lisp)
Linked: (/home/hri/catkin_ws/devel/.private/calibration_msgs/share/common-lisp/ros/calibration_msgs/msg/CheckerboardExtractionActionFeedback.lisp, /home/hri/catkin_ws/devel/share/common-lisp/ros/calibration_msgs/msg/CheckerboardExtractionActionFeedback.lisp)
Linked: (/home/hri/catkin_ws/devel/.private/calibration_msgs/share/common-lisp/ros/calibration_msgs/msg/_package_CheckerboardExtractionGoal.lisp, /home/hri/catkin_ws/devel/share/common-lisp/ros/calibration_msgs/msg/_package_CheckerboardExtractionGoal.lisp)
Linked: (/home/hri/catkin_ws/devel/.private/calibration_msgs/share/common-lisp/ros/calibration_msgs/msg/PointArray.lisp, /home/hri/catkin_ws/devel/share/common-lisp/ros/calibration_msgs/msg/PointArray.lisp)
Linked: (/home/hri/catkin_ws/devel/.private/calibration_msgs/share/common-lisp/ros/calibration_msgs/msg/CheckerboardExtractionGoal.lisp, /home/hri/catkin_ws/devel/share/common-lisp/ros/calibration_msgs/msg/CheckerboardExtractionGoal.lisp)
Linked: (/home/hri/catkin_ws/devel/.private/calibration_msgs/share/common-lisp/ros/calibration_msgs/msg/_package_CheckerboardExtractionAction.lisp, /home/hri/catkin_ws/devel/share/common-lisp/ros/calibration_msgs/msg/_package_CheckerboardExtractionAction.lisp)
Linked: (/home/hri/catkin_ws/devel/.private/calibration_msgs/share/common-lisp/ros/calibration_msgs/msg/_package.lisp, /home/hri/catkin_ws/devel/share/common-lisp/ros/calibration_msgs/msg/_package.lisp)
Linked: (/home/hri/catkin_ws/devel/.private/calibration_msgs/share/common-lisp/ros/calibration_msgs/msg/Point2DArray.lisp, /home/hri/catkin_ws/devel/share/common-lisp/ros/calibration_msgs/msg/Point2DArray.lisp)
Linked: (/home/hri/catkin_ws/devel/.private/calibration_msgs/share/common-lisp/ros/calibration_msgs/msg/CheckerboardExtractionFeedback.lisp, /home/hri/catkin_ws/devel/share/common-lisp/ros/calibration_msgs/msg/CheckerboardExtractionFeedback.lisp)
Linked: (/home/hri/catkin_ws/devel/.private/calibration_msgs/share/common-lisp/ros/calibration_msgs/msg/CalibrationPose.lisp, /home/hri/catkin_ws/devel/share/common-lisp/ros/calibration_msgs/msg/CalibrationPose.lisp)
Linked: (/home/hri/catkin_ws/devel/.private/calibration_msgs/share/common-lisp/ros/calibration_msgs/msg/_package_CheckerboardExtractionActionFeedback.lisp, /home/hri/catkin_ws/devel/share/common-lisp/ros/calibration_msgs/msg/_package_CheckerboardExtractionActionFeedback.lisp)
Linked: (/home/hri/catkin_ws/devel/.private/calibration_msgs/share/common-lisp/ros/calibration_msgs/msg/CheckerboardExtractionActionGoal.lisp, /home/hri/catkin_ws/devel/share/common-lisp/ros/calibration_msgs/msg/CheckerboardExtractionActionGoal.lisp)
Linked: (/home/hri/catkin_ws/devel/.private/calibration_msgs/share/common-lisp/ros/calibration_msgs/msg/_package_CheckerboardExtractionActionResult.lisp, /home/hri/catkin_ws/devel/share/common-lisp/ros/calibration_msgs/msg/_package_CheckerboardExtractionActionResult.lisp)
Linked: (/home/hri/catkin_ws/devel/.private/calibration_msgs/share/calibration_msgs/msg/CheckerboardExtractionActionResult.msg, /home/hri/catkin_ws/devel/share/calibration_msgs/msg/CheckerboardExtractionActionResult.msg)
Linked: (/home/hri/catkin_ws/devel/.private/calibration_msgs/share/calibration_msgs/msg/CheckerboardExtractionActionFeedback.msg, /home/hri/catkin_ws/devel/share/calibration_msgs/msg/CheckerboardExtractionActionFeedback.msg)
Linked: (/home/hri/catkin_ws/devel/.private/calibration_msgs/share/calibration_msgs/msg/CheckerboardExtractionGoal.msg, /home/hri/catkin_ws/devel/share/calibration_msgs/msg/CheckerboardExtractionGoal.msg)
Linked: (/home/hri/catkin_ws/devel/.private/calibration_msgs/share/calibration_msgs/msg/CheckerboardExtractionActionGoal.msg, /home/hri/catkin_ws/devel/share/calibration_msgs/msg/CheckerboardExtractionActionGoal.msg)
Linked: (/home/hri/catkin_ws/devel/.private/calibration_msgs/share/calibration_msgs/msg/CheckerboardExtractionAction.msg, /home/hri/catkin_ws/devel/share/calibration_msgs/msg/CheckerboardExtractionAction.msg)
Linked: (/home/hri/catkin_ws/devel/.private/calibration_msgs/share/calibration_msgs/msg/CheckerboardExtractionResult.msg, /home/hri/catkin_ws/devel/share/calibration_msgs/msg/CheckerboardExtractionResult.msg)
Linked: (/home/hri/catkin_ws/devel/.private/calibration_msgs/share/calibration_msgs/msg/CheckerboardExtractionFeedback.msg, /home/hri/catkin_ws/devel/share/calibration_msgs/msg/CheckerboardExtractionFeedback.msg)
Linked: (/home/hri/catkin_ws/devel/.private/calibration_msgs/share/calibration_msgs/cmake/calibration_msgsConfig-version.cmake, /home/hri/catkin_ws/devel/share/calibration_msgs/cmake/calibration_msgsConfig-version.cmake)
Linked: (/home/hri/catkin_ws/devel/.private/calibration_msgs/share/calibration_msgs/cmake/calibration_msgs-msg-paths.cmake, /home/hri/catkin_ws/devel/share/calibration_msgs/cmake/calibration_msgs-msg-paths.cmake)
Linked: (/home/hri/catkin_ws/devel/.private/calibration_msgs/share/calibration_msgs/cmake/calibration_msgsConfig.cmake, /home/hri/catkin_ws/devel/share/calibration_msgs/cmake/calibration_msgsConfig.cmake)
Linked: (/home/hri/catkin_ws/devel/.private/calibration_msgs/share/calibration_msgs/cmake/calibration_msgs-msg-extras.cmake, /home/hri/catkin_ws/devel/share/calibration_msgs/cmake/calibration_msgs-msg-extras.cmake)
