Determining if the pthread_create exist failed with the following output:
Change Dir: /home/hri/catkin_ws/build/nao_v5/CMakeFiles/CMakeTmp

Run Build Command:"/usr/bin/make" "cmTC_c50ca/fast"
/usr/bin/make -f CMakeFiles/cmTC_c50ca.dir/build.make CMakeFiles/cmTC_c50ca.dir/build
make[1]: Entering directory '/home/hri/catkin_ws/build/nao_v5/CMakeFiles/CMakeTmp'
Building C object CMakeFiles/cmTC_c50ca.dir/CheckSymbolExists.c.o
/usr/bin/cc     -o CMakeFiles/cmTC_c50ca.dir/CheckSymbolExists.c.o   -c /home/hri/catkin_ws/build/nao_v5/CMakeFiles/CMakeTmp/CheckSymbolExists.c
Linking C executable cmTC_c50ca
/usr/bin/cmake -E cmake_link_script CMakeFiles/cmTC_c50ca.dir/link.txt --verbose=1
/usr/bin/cc       CMakeFiles/cmTC_c50ca.dir/CheckSymbolExists.c.o  -o cmTC_c50ca -rdynamic 
CMakeFiles/cmTC_c50ca.dir/CheckSymbolExists.c.o: In function `main':
CheckSymbolExists.c:(.text+0x16): undefined reference to `pthread_create'
collect2: error: ld returned 1 exit status
CMakeFiles/cmTC_c50ca.dir/build.make:97: recipe for target 'cmTC_c50ca' failed
make[1]: *** [cmTC_c50ca] Error 1
make[1]: Leaving directory '/home/hri/catkin_ws/build/nao_v5/CMakeFiles/CMakeTmp'
Makefile:126: recipe for target 'cmTC_c50ca/fast' failed
make: *** [cmTC_c50ca/fast] Error 2

File /home/hri/catkin_ws/build/nao_v5/CMakeFiles/CMakeTmp/CheckSymbolExists.c:
/* */
#include <pthread.h>

int main(int argc, char** argv)
{
  (void)argv;
#ifndef pthread_create
  return ((int*)(&pthread_create))[argc];
#else
  (void)argc;
  return 0;
#endif
}

Determining if the function pthread_create exists in the pthreads failed with the following output:
Change Dir: /home/hri/catkin_ws/build/nao_v5/CMakeFiles/CMakeTmp

Run Build Command:"/usr/bin/make" "cmTC_2dbe0/fast"
/usr/bin/make -f CMakeFiles/cmTC_2dbe0.dir/build.make CMakeFiles/cmTC_2dbe0.dir/build
make[1]: Entering directory '/home/hri/catkin_ws/build/nao_v5/CMakeFiles/CMakeTmp'
Building C object CMakeFiles/cmTC_2dbe0.dir/CheckFunctionExists.c.o
/usr/bin/cc    -DCHECK_FUNCTION_EXISTS=pthread_create   -o CMakeFiles/cmTC_2dbe0.dir/CheckFunctionExists.c.o   -c /usr/share/cmake-3.5/Modules/CheckFunctionExists.c
Linking C executable cmTC_2dbe0
/usr/bin/cmake -E cmake_link_script CMakeFiles/cmTC_2dbe0.dir/link.txt --verbose=1
/usr/bin/cc   -DCHECK_FUNCTION_EXISTS=pthread_create    CMakeFiles/cmTC_2dbe0.dir/CheckFunctionExists.c.o  -o cmTC_2dbe0 -rdynamic -lpthreads 
/usr/bin/ld: cannot find -lpthreads
collect2: error: ld returned 1 exit status
CMakeFiles/cmTC_2dbe0.dir/build.make:97: recipe for target 'cmTC_2dbe0' failed
make[1]: *** [cmTC_2dbe0] Error 1
make[1]: Leaving directory '/home/hri/catkin_ws/build/nao_v5/CMakeFiles/CMakeTmp'
Makefile:126: recipe for target 'cmTC_2dbe0/fast' failed
make: *** [cmTC_2dbe0/fast] Error 2


