Determining if the pthread_create exist failed with the following output:
Change Dir: /home/hri/go_hri/build/catkin_tools_prebuild/CMakeFiles/CMakeTmp

Run Build Command:"/usr/bin/make" "cmTC_1e4aa/fast"
/usr/bin/make -f CMakeFiles/cmTC_1e4aa.dir/build.make CMakeFiles/cmTC_1e4aa.dir/build
make[1]: Entering directory '/home/hri/go_hri/build/catkin_tools_prebuild/CMakeFiles/CMakeTmp'
Building C object CMakeFiles/cmTC_1e4aa.dir/CheckSymbolExists.c.o
/usr/bin/cc     -o CMakeFiles/cmTC_1e4aa.dir/CheckSymbolExists.c.o   -c /home/hri/go_hri/build/catkin_tools_prebuild/CMakeFiles/CMakeTmp/CheckSymbolExists.c
Linking C executable cmTC_1e4aa
/usr/bin/cmake -E cmake_link_script CMakeFiles/cmTC_1e4aa.dir/link.txt --verbose=1
/usr/bin/cc       CMakeFiles/cmTC_1e4aa.dir/CheckSymbolExists.c.o  -o cmTC_1e4aa -rdynamic 
CMakeFiles/cmTC_1e4aa.dir/CheckSymbolExists.c.o: In function `main':
CheckSymbolExists.c:(.text+0x16): undefined reference to `pthread_create'
collect2: error: ld returned 1 exit status
CMakeFiles/cmTC_1e4aa.dir/build.make:97: recipe for target 'cmTC_1e4aa' failed
make[1]: *** [cmTC_1e4aa] Error 1
make[1]: Leaving directory '/home/hri/go_hri/build/catkin_tools_prebuild/CMakeFiles/CMakeTmp'
Makefile:126: recipe for target 'cmTC_1e4aa/fast' failed
make: *** [cmTC_1e4aa/fast] Error 2

File /home/hri/go_hri/build/catkin_tools_prebuild/CMakeFiles/CMakeTmp/CheckSymbolExists.c:
/* */
#include <pthread.h>

int main(int argc, char** argv)
{
  (void)argv;
#ifndef pthread_create
  return ((int*)(&pthread_create))[argc];
#else
  (void)argc;
  return 0;
#endif
}

Determining if the function pthread_create exists in the pthreads failed with the following output:
Change Dir: /home/hri/go_hri/build/catkin_tools_prebuild/CMakeFiles/CMakeTmp

Run Build Command:"/usr/bin/make" "cmTC_35f8a/fast"
/usr/bin/make -f CMakeFiles/cmTC_35f8a.dir/build.make CMakeFiles/cmTC_35f8a.dir/build
make[1]: Entering directory '/home/hri/go_hri/build/catkin_tools_prebuild/CMakeFiles/CMakeTmp'
Building C object CMakeFiles/cmTC_35f8a.dir/CheckFunctionExists.c.o
/usr/bin/cc    -DCHECK_FUNCTION_EXISTS=pthread_create   -o CMakeFiles/cmTC_35f8a.dir/CheckFunctionExists.c.o   -c /usr/share/cmake-3.5/Modules/CheckFunctionExists.c
Linking C executable cmTC_35f8a
/usr/bin/cmake -E cmake_link_script CMakeFiles/cmTC_35f8a.dir/link.txt --verbose=1
/usr/bin/cc   -DCHECK_FUNCTION_EXISTS=pthread_create    CMakeFiles/cmTC_35f8a.dir/CheckFunctionExists.c.o  -o cmTC_35f8a -rdynamic -lpthreads 
/usr/bin/ld: cannot find -lpthreads
collect2: error: ld returned 1 exit status
CMakeFiles/cmTC_35f8a.dir/build.make:97: recipe for target 'cmTC_35f8a' failed
make[1]: *** [cmTC_35f8a] Error 1
make[1]: Leaving directory '/home/hri/go_hri/build/catkin_tools_prebuild/CMakeFiles/CMakeTmp'
Makefile:126: recipe for target 'cmTC_35f8a/fast' failed
make: *** [cmTC_35f8a/fast] Error 2


