Determining if the pthread_create exist failed with the following output:
Change Dir: /home/hri/catkin_ws/build/mhri/CMakeFiles/CMakeTmp

Run Build Command:"/usr/bin/make" "cmTC_c8427/fast"
/usr/bin/make -f CMakeFiles/cmTC_c8427.dir/build.make CMakeFiles/cmTC_c8427.dir/build
make[1]: Entering directory '/home/hri/catkin_ws/build/mhri/CMakeFiles/CMakeTmp'
Building C object CMakeFiles/cmTC_c8427.dir/CheckSymbolExists.c.o
/usr/bin/cc     -o CMakeFiles/cmTC_c8427.dir/CheckSymbolExists.c.o   -c /home/hri/catkin_ws/build/mhri/CMakeFiles/CMakeTmp/CheckSymbolExists.c
Linking C executable cmTC_c8427
/usr/bin/cmake -E cmake_link_script CMakeFiles/cmTC_c8427.dir/link.txt --verbose=1
/usr/bin/cc       CMakeFiles/cmTC_c8427.dir/CheckSymbolExists.c.o  -o cmTC_c8427 -rdynamic 
CMakeFiles/cmTC_c8427.dir/CheckSymbolExists.c.o: In function `main':
CheckSymbolExists.c:(.text+0x16): undefined reference to `pthread_create'
collect2: error: ld returned 1 exit status
CMakeFiles/cmTC_c8427.dir/build.make:97: recipe for target 'cmTC_c8427' failed
make[1]: *** [cmTC_c8427] Error 1
make[1]: Leaving directory '/home/hri/catkin_ws/build/mhri/CMakeFiles/CMakeTmp'
Makefile:126: recipe for target 'cmTC_c8427/fast' failed
make: *** [cmTC_c8427/fast] Error 2

File /home/hri/catkin_ws/build/mhri/CMakeFiles/CMakeTmp/CheckSymbolExists.c:
/* */
#include <pthread.h>

int main(int argc, char** argv)
{
  (void)argv;
#ifndef pthread_create
  return ((int*)(&pthread_create))[argc];
#else
  (void)argc;
  return 0;
#endif
}

Determining if the function pthread_create exists in the pthreads failed with the following output:
Change Dir: /home/hri/catkin_ws/build/mhri/CMakeFiles/CMakeTmp

Run Build Command:"/usr/bin/make" "cmTC_7fe8e/fast"
/usr/bin/make -f CMakeFiles/cmTC_7fe8e.dir/build.make CMakeFiles/cmTC_7fe8e.dir/build
make[1]: Entering directory '/home/hri/catkin_ws/build/mhri/CMakeFiles/CMakeTmp'
Building C object CMakeFiles/cmTC_7fe8e.dir/CheckFunctionExists.c.o
/usr/bin/cc    -DCHECK_FUNCTION_EXISTS=pthread_create   -o CMakeFiles/cmTC_7fe8e.dir/CheckFunctionExists.c.o   -c /usr/share/cmake-3.5/Modules/CheckFunctionExists.c
Linking C executable cmTC_7fe8e
/usr/bin/cmake -E cmake_link_script CMakeFiles/cmTC_7fe8e.dir/link.txt --verbose=1
/usr/bin/cc   -DCHECK_FUNCTION_EXISTS=pthread_create    CMakeFiles/cmTC_7fe8e.dir/CheckFunctionExists.c.o  -o cmTC_7fe8e -rdynamic -lpthreads 
/usr/bin/ld: cannot find -lpthreads
collect2: error: ld returned 1 exit status
CMakeFiles/cmTC_7fe8e.dir/build.make:97: recipe for target 'cmTC_7fe8e' failed
make[1]: *** [cmTC_7fe8e] Error 1
make[1]: Leaving directory '/home/hri/catkin_ws/build/mhri/CMakeFiles/CMakeTmp'
Makefile:126: recipe for target 'cmTC_7fe8e/fast' failed
make: *** [cmTC_7fe8e/fast] Error 2


