Determining if the pthread_create exist failed with the following output:
Change Dir: /home/hri/catkin_ws/build/calibration_ros/CMakeFiles/CMakeTmp

Run Build Command:"/usr/bin/make" "cmTC_88cec/fast"
/usr/bin/make -f CMakeFiles/cmTC_88cec.dir/build.make CMakeFiles/cmTC_88cec.dir/build
make[1]: Entering directory '/home/hri/catkin_ws/build/calibration_ros/CMakeFiles/CMakeTmp'
Building C object CMakeFiles/cmTC_88cec.dir/CheckSymbolExists.c.o
/usr/bin/cc     -o CMakeFiles/cmTC_88cec.dir/CheckSymbolExists.c.o   -c /home/hri/catkin_ws/build/calibration_ros/CMakeFiles/CMakeTmp/CheckSymbolExists.c
Linking C executable cmTC_88cec
/usr/bin/cmake -E cmake_link_script CMakeFiles/cmTC_88cec.dir/link.txt --verbose=1
/usr/bin/cc       CMakeFiles/cmTC_88cec.dir/CheckSymbolExists.c.o  -o cmTC_88cec -rdynamic 
CMakeFiles/cmTC_88cec.dir/CheckSymbolExists.c.o: In function `main':
CheckSymbolExists.c:(.text+0x16): undefined reference to `pthread_create'
collect2: error: ld returned 1 exit status
CMakeFiles/cmTC_88cec.dir/build.make:97: recipe for target 'cmTC_88cec' failed
make[1]: *** [cmTC_88cec] Error 1
make[1]: Leaving directory '/home/hri/catkin_ws/build/calibration_ros/CMakeFiles/CMakeTmp'
Makefile:126: recipe for target 'cmTC_88cec/fast' failed
make: *** [cmTC_88cec/fast] Error 2

File /home/hri/catkin_ws/build/calibration_ros/CMakeFiles/CMakeTmp/CheckSymbolExists.c:
/* */
#include <pthread.h>

int main(int argc, char** argv)
{
  (void)argv;
#ifndef pthread_create
  return ((int*)(&pthread_create))[argc];
#else
  (void)argc;
  return 0;
#endif
}

Determining if the function pthread_create exists in the pthreads failed with the following output:
Change Dir: /home/hri/catkin_ws/build/calibration_ros/CMakeFiles/CMakeTmp

Run Build Command:"/usr/bin/make" "cmTC_998ea/fast"
/usr/bin/make -f CMakeFiles/cmTC_998ea.dir/build.make CMakeFiles/cmTC_998ea.dir/build
make[1]: Entering directory '/home/hri/catkin_ws/build/calibration_ros/CMakeFiles/CMakeTmp'
Building C object CMakeFiles/cmTC_998ea.dir/CheckFunctionExists.c.o
/usr/bin/cc    -DCHECK_FUNCTION_EXISTS=pthread_create   -o CMakeFiles/cmTC_998ea.dir/CheckFunctionExists.c.o   -c /usr/share/cmake-3.5/Modules/CheckFunctionExists.c
Linking C executable cmTC_998ea
/usr/bin/cmake -E cmake_link_script CMakeFiles/cmTC_998ea.dir/link.txt --verbose=1
/usr/bin/cc   -DCHECK_FUNCTION_EXISTS=pthread_create    CMakeFiles/cmTC_998ea.dir/CheckFunctionExists.c.o  -o cmTC_998ea -rdynamic -lpthreads 
/usr/bin/ld: cannot find -lpthreads
collect2: error: ld returned 1 exit status
CMakeFiles/cmTC_998ea.dir/build.make:97: recipe for target 'cmTC_998ea' failed
make[1]: *** [cmTC_998ea] Error 1
make[1]: Leaving directory '/home/hri/catkin_ws/build/calibration_ros/CMakeFiles/CMakeTmp'
Makefile:126: recipe for target 'cmTC_998ea/fast' failed
make: *** [cmTC_998ea/fast] Error 2


