Linked: (/home/hri/catkin_ws/devel/.private/google_cloud_speech/lib/python2.7/dist-packages/google_cloud_speech/__init__.py, /home/hri/catkin_ws/devel/lib/python2.7/dist-packages/google_cloud_speech/__init__.py)
Linked: (/home/hri/catkin_ws/devel/.private/google_cloud_speech/lib/python2.7/dist-packages/google_cloud_speech/cfg/RecognitionConfig.py, /home/hri/catkin_ws/devel/lib/python2.7/dist-packages/google_cloud_speech/cfg/RecognitionConfig.py)
Linked: (/home/hri/catkin_ws/devel/.private/google_cloud_speech/lib/python2.7/dist-packages/google_cloud_speech/cfg/__init__.py, /home/hri/catkin_ws/devel/lib/python2.7/dist-packages/google_cloud_speech/cfg/__init__.py)
Linked: (/home/hri/catkin_ws/devel/.private/google_cloud_speech/lib/python2.7/dist-packages/google_cloud_speech/msg/_RecognizedWord.py, /home/hri/catkin_ws/devel/lib/python2.7/dist-packages/google_cloud_speech/msg/_RecognizedWord.py)
Linked: (/home/hri/catkin_ws/devel/.private/google_cloud_speech/lib/python2.7/dist-packages/google_cloud_speech/msg/__init__.py, /home/hri/catkin_ws/devel/lib/python2.7/dist-packages/google_cloud_speech/msg/__init__.py)
Linked: (/home/hri/catkin_ws/devel/.private/google_cloud_speech/lib/pkgconfig/google_cloud_speech.pc, /home/hri/catkin_ws/devel/lib/pkgconfig/google_cloud_speech.pc)
Linked: (/home/hri/catkin_ws/devel/.private/google_cloud_speech/include/google_cloud_speech/RecognizedWord.h, /home/hri/catkin_ws/devel/include/google_cloud_speech/RecognizedWord.h)
Linked: (/home/hri/catkin_ws/devel/.private/google_cloud_speech/include/google_cloud_speech/RecognitionConfig.h, /home/hri/catkin_ws/devel/include/google_cloud_speech/RecognitionConfig.h)
Linked: (/home/hri/catkin_ws/devel/.private/google_cloud_speech/share/gennodejs/ros/google_cloud_speech/_index.js, /home/hri/catkin_ws/devel/share/gennodejs/ros/google_cloud_speech/_index.js)
Linked: (/home/hri/catkin_ws/devel/.private/google_cloud_speech/share/gennodejs/ros/google_cloud_speech/msg/RecognizedWord.js, /home/hri/catkin_ws/devel/share/gennodejs/ros/google_cloud_speech/msg/RecognizedWord.js)
Linked: (/home/hri/catkin_ws/devel/.private/google_cloud_speech/share/gennodejs/ros/google_cloud_speech/msg/_index.js, /home/hri/catkin_ws/devel/share/gennodejs/ros/google_cloud_speech/msg/_index.js)
Linked: (/home/hri/catkin_ws/devel/.private/google_cloud_speech/share/roseus/ros/google_cloud_speech/manifest.l, /home/hri/catkin_ws/devel/share/roseus/ros/google_cloud_speech/manifest.l)
Linked: (/home/hri/catkin_ws/devel/.private/google_cloud_speech/share/roseus/ros/google_cloud_speech/msg/RecognizedWord.l, /home/hri/catkin_ws/devel/share/roseus/ros/google_cloud_speech/msg/RecognizedWord.l)
Linked: (/home/hri/catkin_ws/devel/.private/google_cloud_speech/share/common-lisp/ros/google_cloud_speech/msg/RecognizedWord.lisp, /home/hri/catkin_ws/devel/share/common-lisp/ros/google_cloud_speech/msg/RecognizedWord.lisp)
Linked: (/home/hri/catkin_ws/devel/.private/google_cloud_speech/share/common-lisp/ros/google_cloud_speech/msg/_package.lisp, /home/hri/catkin_ws/devel/share/common-lisp/ros/google_cloud_speech/msg/_package.lisp)
Linked: (/home/hri/catkin_ws/devel/.private/google_cloud_speech/share/common-lisp/ros/google_cloud_speech/msg/google_cloud_speech-msg.asd, /home/hri/catkin_ws/devel/share/common-lisp/ros/google_cloud_speech/msg/google_cloud_speech-msg.asd)
Linked: (/home/hri/catkin_ws/devel/.private/google_cloud_speech/share/common-lisp/ros/google_cloud_speech/msg/_package_RecognizedWord.lisp, /home/hri/catkin_ws/devel/share/common-lisp/ros/google_cloud_speech/msg/_package_RecognizedWord.lisp)
Linked: (/home/hri/catkin_ws/devel/.private/google_cloud_speech/share/google_cloud_speech/docs/RecognitionConfig.wikidoc, /home/hri/catkin_ws/devel/share/google_cloud_speech/docs/RecognitionConfig.wikidoc)
Linked: (/home/hri/catkin_ws/devel/.private/google_cloud_speech/share/google_cloud_speech/docs/RecognitionConfig-usage.dox, /home/hri/catkin_ws/devel/share/google_cloud_speech/docs/RecognitionConfig-usage.dox)
Linked: (/home/hri/catkin_ws/devel/.private/google_cloud_speech/share/google_cloud_speech/docs/RecognitionConfig.dox, /home/hri/catkin_ws/devel/share/google_cloud_speech/docs/RecognitionConfig.dox)
Linked: (/home/hri/catkin_ws/devel/.private/google_cloud_speech/share/google_cloud_speech/cmake/google_cloud_speech-msg-paths.cmake, /home/hri/catkin_ws/devel/share/google_cloud_speech/cmake/google_cloud_speech-msg-paths.cmake)
Linked: (/home/hri/catkin_ws/devel/.private/google_cloud_speech/share/google_cloud_speech/cmake/google_cloud_speech-msg-extras.cmake, /home/hri/catkin_ws/devel/share/google_cloud_speech/cmake/google_cloud_speech-msg-extras.cmake)
Linked: (/home/hri/catkin_ws/devel/.private/google_cloud_speech/share/google_cloud_speech/cmake/google_cloud_speechConfig.cmake, /home/hri/catkin_ws/devel/share/google_cloud_speech/cmake/google_cloud_speechConfig.cmake)
Linked: (/home/hri/catkin_ws/devel/.private/google_cloud_speech/share/google_cloud_speech/cmake/google_cloud_speechConfig-version.cmake, /home/hri/catkin_ws/devel/share/google_cloud_speech/cmake/google_cloud_speechConfig-version.cmake)
