Determining if the pthread_create exist failed with the following output:
Change Dir: /home/hri/catkin_ws/build/mhri_social_msgs/CMakeFiles/CMakeTmp

Run Build Command:"/usr/bin/make" "cmTC_3a422/fast"
/usr/bin/make -f CMakeFiles/cmTC_3a422.dir/build.make CMakeFiles/cmTC_3a422.dir/build
make[1]: Entering directory '/home/hri/catkin_ws/build/mhri_social_msgs/CMakeFiles/CMakeTmp'
Building C object CMakeFiles/cmTC_3a422.dir/CheckSymbolExists.c.o
/usr/bin/cc     -o CMakeFiles/cmTC_3a422.dir/CheckSymbolExists.c.o   -c /home/hri/catkin_ws/build/mhri_social_msgs/CMakeFiles/CMakeTmp/CheckSymbolExists.c
Linking C executable cmTC_3a422
/usr/bin/cmake -E cmake_link_script CMakeFiles/cmTC_3a422.dir/link.txt --verbose=1
/usr/bin/cc       CMakeFiles/cmTC_3a422.dir/CheckSymbolExists.c.o  -o cmTC_3a422 -rdynamic 
CMakeFiles/cmTC_3a422.dir/CheckSymbolExists.c.o: In function `main':
CheckSymbolExists.c:(.text+0x16): undefined reference to `pthread_create'
collect2: error: ld returned 1 exit status
CMakeFiles/cmTC_3a422.dir/build.make:97: recipe for target 'cmTC_3a422' failed
make[1]: *** [cmTC_3a422] Error 1
make[1]: Leaving directory '/home/hri/catkin_ws/build/mhri_social_msgs/CMakeFiles/CMakeTmp'
Makefile:126: recipe for target 'cmTC_3a422/fast' failed
make: *** [cmTC_3a422/fast] Error 2

File /home/hri/catkin_ws/build/mhri_social_msgs/CMakeFiles/CMakeTmp/CheckSymbolExists.c:
/* */
#include <pthread.h>

int main(int argc, char** argv)
{
  (void)argv;
#ifndef pthread_create
  return ((int*)(&pthread_create))[argc];
#else
  (void)argc;
  return 0;
#endif
}

Determining if the function pthread_create exists in the pthreads failed with the following output:
Change Dir: /home/hri/catkin_ws/build/mhri_social_msgs/CMakeFiles/CMakeTmp

Run Build Command:"/usr/bin/make" "cmTC_ee77c/fast"
/usr/bin/make -f CMakeFiles/cmTC_ee77c.dir/build.make CMakeFiles/cmTC_ee77c.dir/build
make[1]: Entering directory '/home/hri/catkin_ws/build/mhri_social_msgs/CMakeFiles/CMakeTmp'
Building C object CMakeFiles/cmTC_ee77c.dir/CheckFunctionExists.c.o
/usr/bin/cc    -DCHECK_FUNCTION_EXISTS=pthread_create   -o CMakeFiles/cmTC_ee77c.dir/CheckFunctionExists.c.o   -c /usr/share/cmake-3.5/Modules/CheckFunctionExists.c
Linking C executable cmTC_ee77c
/usr/bin/cmake -E cmake_link_script CMakeFiles/cmTC_ee77c.dir/link.txt --verbose=1
/usr/bin/cc   -DCHECK_FUNCTION_EXISTS=pthread_create    CMakeFiles/cmTC_ee77c.dir/CheckFunctionExists.c.o  -o cmTC_ee77c -rdynamic -lpthreads 
/usr/bin/ld: cannot find -lpthreads
collect2: error: ld returned 1 exit status
CMakeFiles/cmTC_ee77c.dir/build.make:97: recipe for target 'cmTC_ee77c' failed
make[1]: *** [cmTC_ee77c] Error 1
make[1]: Leaving directory '/home/hri/catkin_ws/build/mhri_social_msgs/CMakeFiles/CMakeTmp'
Makefile:126: recipe for target 'cmTC_ee77c/fast' failed
make: *** [cmTC_ee77c/fast] Error 2


