[ 13%] Built target stereo_publisher
[ 20%] [32mBuilding CXX object CMakeFiles/opt_calibration.dir/src/opt_calibration.cpp.o[0m
[ 26%] [32mBuilding CXX object CMakeFiles/opt_calibration.dir/src/opt_calibration_node.cpp.o[0m
[ 46%] Built target opt_calibration_refinement
[ 53%] [32mBuilding CXX object CMakeFiles/opt_calibration.dir/src/ros_device.cpp.o[0m
[ 60%] [32mBuilding CXX object CMakeFiles/opt_define_reference_frame.dir/src/opt_calibration.cpp.o[0m
In file included from [01m[K/home/hri/catkin_ws/src/openptrack/opt_calibration/src/opt_calibration.cpp:43:0[m[K:
[01m[K/home/hri/catkin_ws/src/openptrack/opt_calibration/include/open_ptrack/opt_calibration/opt_calibration.h:53:51:[m[K [01;31m[Kfatal error: [m[Kcalibration_common/calibration_common.h: No such file or directory
compilation terminated.
[01m[K/home/hri/catkin_ws/src/openptrack/opt_calibration/src/opt_calibration_node.cpp:47:42:[m[K [01;31m[Kfatal error: [m[Kcalibration_common/pcl/utils.h: No such file or directory
compilation terminated.
CMakeFiles/opt_calibration.dir/build.make:62: recipe for target 'CMakeFiles/opt_calibration.dir/src/opt_calibration.cpp.o' failed
make[2]: *** [CMakeFiles/opt_calibration.dir/src/opt_calibration.cpp.o] Error 1
make[2]: *** Waiting for unfinished jobs....
[ 66%] [32mBuilding CXX object CMakeFiles/opt_define_reference_frame.dir/src/opt_define_reference_frame.cpp.o[0m
CMakeFiles/opt_calibration.dir/build.make:86: recipe for target 'CMakeFiles/opt_calibration.dir/src/opt_calibration_node.cpp.o' failed
make[2]: *** [CMakeFiles/opt_calibration.dir/src/opt_calibration_node.cpp.o] Error 1
[ 73%] [32mBuilding CXX object CMakeFiles/opt_define_reference_frame.dir/src/ros_device.cpp.o[0m
In file included from [01m[K/home/hri/catkin_ws/src/openptrack/opt_calibration/src/opt_calibration.cpp:43:0[m[K:
[01m[K/home/hri/catkin_ws/src/openptrack/opt_calibration/include/open_ptrack/opt_calibration/opt_calibration.h:53:51:[m[K [01;31m[Kfatal error: [m[Kcalibration_common/calibration_common.h: No such file or directory
compilation terminated.
CMakeFiles/opt_define_reference_frame.dir/build.make:62: recipe for target 'CMakeFiles/opt_define_reference_frame.dir/src/opt_calibration.cpp.o' failed
make[2]: *** [CMakeFiles/opt_define_reference_frame.dir/src/opt_calibration.cpp.o] Error 1
make[2]: *** Waiting for unfinished jobs....
In file included from [01m[K/home/hri/catkin_ws/src/openptrack/opt_calibration/src/ros_device.cpp:3:0[m[K:
[01m[K/home/hri/catkin_ws/src/openptrack/opt_calibration/include/open_ptrack/opt_calibration/ros_device.h:53:33:[m[K [01;31m[Kfatal error: [m[Kkinect/depth/sensor.h: No such file or directory
compilation terminated.
CMakeFiles/opt_calibration.dir/build.make:110: recipe for target 'CMakeFiles/opt_calibration.dir/src/ros_device.cpp.o' failed
CMakeFiles/Makefile2:547: recipe for target 'CMakeFiles/opt_calibration.dir/all' failed
make[2]: *** [CMakeFiles/opt_calibration.dir/src/ros_device.cpp.o] Error 1
make[1]: *** [CMakeFiles/opt_calibration.dir/all] Error 2
make[1]: *** Waiting for unfinished jobs....
In file included from [01m[K/home/hri/catkin_ws/src/openptrack/opt_calibration/src/opt_define_reference_frame.cpp:39:0[m[K:
[01m[K/home/hri/catkin_ws/src/openptrack/opt_calibration/include/open_ptrack/opt_calibration/opt_define_reference_frame.h:44:51:[m[K [01;31m[Kfatal error: [m[Kcalibration_common/calibration_common.h: No such file or directory
compilation terminated.
CMakeFiles/opt_define_reference_frame.dir/build.make:86: recipe for target 'CMakeFiles/opt_define_reference_frame.dir/src/opt_define_reference_frame.cpp.o' failed
make[2]: *** [CMakeFiles/opt_define_reference_frame.dir/src/opt_define_reference_frame.cpp.o] Error 1
In file included from [01m[K/home/hri/catkin_ws/src/openptrack/opt_calibration/src/ros_device.cpp:3:0[m[K:
[01m[K/home/hri/catkin_ws/src/openptrack/opt_calibration/include/open_ptrack/opt_calibration/ros_device.h:53:33:[m[K [01;31m[Kfatal error: [m[Kkinect/depth/sensor.h: No such file or directory
compilation terminated.
CMakeFiles/opt_define_reference_frame.dir/build.make:110: recipe for target 'CMakeFiles/opt_define_reference_frame.dir/src/ros_device.cpp.o' failed
make[2]: *** [CMakeFiles/opt_define_reference_frame.dir/src/ros_device.cpp.o] Error 1
CMakeFiles/Makefile2:2962: recipe for target 'CMakeFiles/opt_define_reference_frame.dir/all' failed
make[1]: *** [CMakeFiles/opt_define_reference_frame.dir/all] Error 2
Makefile:138: recipe for target 'all' failed
make: *** [all] Error 2
