Determining if the pthread_create exist failed with the following output:
Change Dir: /home/hri/catkin_ws/build/kinect2_calibration/CMakeFiles/CMakeTmp

Run Build Command:"/usr/bin/make" "cmTC_b840d/fast"
/usr/bin/make -f CMakeFiles/cmTC_b840d.dir/build.make CMakeFiles/cmTC_b840d.dir/build
make[1]: Entering directory '/home/hri/catkin_ws/build/kinect2_calibration/CMakeFiles/CMakeTmp'
Building C object CMakeFiles/cmTC_b840d.dir/CheckSymbolExists.c.o
/usr/bin/cc     -o CMakeFiles/cmTC_b840d.dir/CheckSymbolExists.c.o   -c /home/hri/catkin_ws/build/kinect2_calibration/CMakeFiles/CMakeTmp/CheckSymbolExists.c
Linking C executable cmTC_b840d
/usr/bin/cmake -E cmake_link_script CMakeFiles/cmTC_b840d.dir/link.txt --verbose=1
/usr/bin/cc       CMakeFiles/cmTC_b840d.dir/CheckSymbolExists.c.o  -o cmTC_b840d -rdynamic 
CMakeFiles/cmTC_b840d.dir/CheckSymbolExists.c.o: In function `main':
CheckSymbolExists.c:(.text+0x16): undefined reference to `pthread_create'
collect2: error: ld returned 1 exit status
CMakeFiles/cmTC_b840d.dir/build.make:97: recipe for target 'cmTC_b840d' failed
make[1]: *** [cmTC_b840d] Error 1
make[1]: Leaving directory '/home/hri/catkin_ws/build/kinect2_calibration/CMakeFiles/CMakeTmp'
Makefile:126: recipe for target 'cmTC_b840d/fast' failed
make: *** [cmTC_b840d/fast] Error 2

File /home/hri/catkin_ws/build/kinect2_calibration/CMakeFiles/CMakeTmp/CheckSymbolExists.c:
/* */
#include <pthread.h>

int main(int argc, char** argv)
{
  (void)argv;
#ifndef pthread_create
  return ((int*)(&pthread_create))[argc];
#else
  (void)argc;
  return 0;
#endif
}

Determining if the function pthread_create exists in the pthreads failed with the following output:
Change Dir: /home/hri/catkin_ws/build/kinect2_calibration/CMakeFiles/CMakeTmp

Run Build Command:"/usr/bin/make" "cmTC_0d481/fast"
/usr/bin/make -f CMakeFiles/cmTC_0d481.dir/build.make CMakeFiles/cmTC_0d481.dir/build
make[1]: Entering directory '/home/hri/catkin_ws/build/kinect2_calibration/CMakeFiles/CMakeTmp'
Building C object CMakeFiles/cmTC_0d481.dir/CheckFunctionExists.c.o
/usr/bin/cc    -DCHECK_FUNCTION_EXISTS=pthread_create   -o CMakeFiles/cmTC_0d481.dir/CheckFunctionExists.c.o   -c /usr/share/cmake-3.5/Modules/CheckFunctionExists.c
Linking C executable cmTC_0d481
/usr/bin/cmake -E cmake_link_script CMakeFiles/cmTC_0d481.dir/link.txt --verbose=1
/usr/bin/cc   -DCHECK_FUNCTION_EXISTS=pthread_create    CMakeFiles/cmTC_0d481.dir/CheckFunctionExists.c.o  -o cmTC_0d481 -rdynamic -lpthreads 
/usr/bin/ld: cannot find -lpthreads
collect2: error: ld returned 1 exit status
CMakeFiles/cmTC_0d481.dir/build.make:97: recipe for target 'cmTC_0d481' failed
make[1]: *** [cmTC_0d481] Error 1
make[1]: Leaving directory '/home/hri/catkin_ws/build/kinect2_calibration/CMakeFiles/CMakeTmp'
Makefile:126: recipe for target 'cmTC_0d481/fast' failed
make: *** [cmTC_0d481/fast] Error 2


