Determining if the pthread_create exist failed with the following output:
Change Dir: /home/hri/catkin_ws/build/speech_recognizer_py/CMakeFiles/CMakeTmp

Run Build Command:"/usr/bin/make" "cmTC_cfe7d/fast"
/usr/bin/make -f CMakeFiles/cmTC_cfe7d.dir/build.make CMakeFiles/cmTC_cfe7d.dir/build
make[1]: Entering directory '/home/hri/catkin_ws/build/speech_recognizer_py/CMakeFiles/CMakeTmp'
Building C object CMakeFiles/cmTC_cfe7d.dir/CheckSymbolExists.c.o
/usr/bin/cc     -o CMakeFiles/cmTC_cfe7d.dir/CheckSymbolExists.c.o   -c /home/hri/catkin_ws/build/speech_recognizer_py/CMakeFiles/CMakeTmp/CheckSymbolExists.c
Linking C executable cmTC_cfe7d
/usr/bin/cmake -E cmake_link_script CMakeFiles/cmTC_cfe7d.dir/link.txt --verbose=1
/usr/bin/cc       CMakeFiles/cmTC_cfe7d.dir/CheckSymbolExists.c.o  -o cmTC_cfe7d -rdynamic 
CMakeFiles/cmTC_cfe7d.dir/CheckSymbolExists.c.o: In function `main':
CheckSymbolExists.c:(.text+0x16): undefined reference to `pthread_create'
collect2: error: ld returned 1 exit status
CMakeFiles/cmTC_cfe7d.dir/build.make:97: recipe for target 'cmTC_cfe7d' failed
make[1]: *** [cmTC_cfe7d] Error 1
make[1]: Leaving directory '/home/hri/catkin_ws/build/speech_recognizer_py/CMakeFiles/CMakeTmp'
Makefile:126: recipe for target 'cmTC_cfe7d/fast' failed
make: *** [cmTC_cfe7d/fast] Error 2

File /home/hri/catkin_ws/build/speech_recognizer_py/CMakeFiles/CMakeTmp/CheckSymbolExists.c:
/* */
#include <pthread.h>

int main(int argc, char** argv)
{
  (void)argv;
#ifndef pthread_create
  return ((int*)(&pthread_create))[argc];
#else
  (void)argc;
  return 0;
#endif
}

Determining if the function pthread_create exists in the pthreads failed with the following output:
Change Dir: /home/hri/catkin_ws/build/speech_recognizer_py/CMakeFiles/CMakeTmp

Run Build Command:"/usr/bin/make" "cmTC_bfc4b/fast"
/usr/bin/make -f CMakeFiles/cmTC_bfc4b.dir/build.make CMakeFiles/cmTC_bfc4b.dir/build
make[1]: Entering directory '/home/hri/catkin_ws/build/speech_recognizer_py/CMakeFiles/CMakeTmp'
Building C object CMakeFiles/cmTC_bfc4b.dir/CheckFunctionExists.c.o
/usr/bin/cc    -DCHECK_FUNCTION_EXISTS=pthread_create   -o CMakeFiles/cmTC_bfc4b.dir/CheckFunctionExists.c.o   -c /usr/share/cmake-3.5/Modules/CheckFunctionExists.c
Linking C executable cmTC_bfc4b
/usr/bin/cmake -E cmake_link_script CMakeFiles/cmTC_bfc4b.dir/link.txt --verbose=1
/usr/bin/cc   -DCHECK_FUNCTION_EXISTS=pthread_create    CMakeFiles/cmTC_bfc4b.dir/CheckFunctionExists.c.o  -o cmTC_bfc4b -rdynamic -lpthreads 
/usr/bin/ld: cannot find -lpthreads
collect2: error: ld returned 1 exit status
CMakeFiles/cmTC_bfc4b.dir/build.make:97: recipe for target 'cmTC_bfc4b' failed
make[1]: *** [cmTC_bfc4b] Error 1
make[1]: Leaving directory '/home/hri/catkin_ws/build/speech_recognizer_py/CMakeFiles/CMakeTmp'
Makefile:126: recipe for target 'cmTC_bfc4b/fast' failed
make: *** [cmTC_bfc4b/fast] Error 2


