Determining if the pthread_create exist failed with the following output:
Change Dir: /home/hri/catkin_ws/build/calibration_common/CMakeFiles/CMakeTmp

Run Build Command:"/usr/bin/make" "cmTC_a5322/fast"
/usr/bin/make -f CMakeFiles/cmTC_a5322.dir/build.make CMakeFiles/cmTC_a5322.dir/build
make[1]: Entering directory '/home/hri/catkin_ws/build/calibration_common/CMakeFiles/CMakeTmp'
Building C object CMakeFiles/cmTC_a5322.dir/CheckSymbolExists.c.o
/usr/bin/cc     -o CMakeFiles/cmTC_a5322.dir/CheckSymbolExists.c.o   -c /home/hri/catkin_ws/build/calibration_common/CMakeFiles/CMakeTmp/CheckSymbolExists.c
Linking C executable cmTC_a5322
/usr/bin/cmake -E cmake_link_script CMakeFiles/cmTC_a5322.dir/link.txt --verbose=1
/usr/bin/cc       CMakeFiles/cmTC_a5322.dir/CheckSymbolExists.c.o  -o cmTC_a5322 -rdynamic 
CMakeFiles/cmTC_a5322.dir/CheckSymbolExists.c.o: In function `main':
CheckSymbolExists.c:(.text+0x16): undefined reference to `pthread_create'
collect2: error: ld returned 1 exit status
CMakeFiles/cmTC_a5322.dir/build.make:97: recipe for target 'cmTC_a5322' failed
make[1]: *** [cmTC_a5322] Error 1
make[1]: Leaving directory '/home/hri/catkin_ws/build/calibration_common/CMakeFiles/CMakeTmp'
Makefile:126: recipe for target 'cmTC_a5322/fast' failed
make: *** [cmTC_a5322/fast] Error 2

File /home/hri/catkin_ws/build/calibration_common/CMakeFiles/CMakeTmp/CheckSymbolExists.c:
/* */
#include <pthread.h>

int main(int argc, char** argv)
{
  (void)argv;
#ifndef pthread_create
  return ((int*)(&pthread_create))[argc];
#else
  (void)argc;
  return 0;
#endif
}

Determining if the function pthread_create exists in the pthreads failed with the following output:
Change Dir: /home/hri/catkin_ws/build/calibration_common/CMakeFiles/CMakeTmp

Run Build Command:"/usr/bin/make" "cmTC_1ca31/fast"
/usr/bin/make -f CMakeFiles/cmTC_1ca31.dir/build.make CMakeFiles/cmTC_1ca31.dir/build
make[1]: Entering directory '/home/hri/catkin_ws/build/calibration_common/CMakeFiles/CMakeTmp'
Building C object CMakeFiles/cmTC_1ca31.dir/CheckFunctionExists.c.o
/usr/bin/cc    -DCHECK_FUNCTION_EXISTS=pthread_create   -o CMakeFiles/cmTC_1ca31.dir/CheckFunctionExists.c.o   -c /usr/share/cmake-3.5/Modules/CheckFunctionExists.c
Linking C executable cmTC_1ca31
/usr/bin/cmake -E cmake_link_script CMakeFiles/cmTC_1ca31.dir/link.txt --verbose=1
/usr/bin/cc   -DCHECK_FUNCTION_EXISTS=pthread_create    CMakeFiles/cmTC_1ca31.dir/CheckFunctionExists.c.o  -o cmTC_1ca31 -rdynamic -lpthreads 
/usr/bin/ld: cannot find -lpthreads
collect2: error: ld returned 1 exit status
CMakeFiles/cmTC_1ca31.dir/build.make:97: recipe for target 'cmTC_1ca31' failed
make[1]: *** [cmTC_1ca31] Error 1
make[1]: Leaving directory '/home/hri/catkin_ws/build/calibration_common/CMakeFiles/CMakeTmp'
Makefile:126: recipe for target 'cmTC_1ca31/fast' failed
make: *** [cmTC_1ca31/fast] Error 2


